{"/home/limouzinant/GridCapa/gridcapa-app/src/components/app-top-bar.jsx": {"path":"/home/limouzinant/GridCapa/gridcapa-app/src/components/app-top-bar.jsx","statementMap":{"0":{"start":{"line":33,"column":18},"end":{"line":135,"column":1}},"1":{"start":{"line":40,"column":21},"end":{"line":40,"column":34}},"2":{"start":{"line":41,"column":21},"end":{"line":41,"column":34}},"3":{"start":{"line":43,"column":44},"end":{"line":43,"column":74}},"4":{"start":{"line":45,"column":8},"end":{"line":45,"column":41}},"5":{"start":{"line":47,"column":42},"end":{"line":47,"column":54}},"6":{"start":{"line":48,"column":48},"end":{"line":48,"column":63}},"7":{"start":{"line":50,"column":8},"end":{"line":50,"column":23}},"8":{"start":{"line":51,"column":52},"end":{"line":51,"column":65}},"9":{"start":{"line":53,"column":4},"end":{"line":59,"column":15}},"10":{"start":{"line":54,"column":8},"end":{"line":58,"column":9}},"11":{"start":{"line":55,"column":12},"end":{"line":57,"column":15}},"12":{"start":{"line":56,"column":16},"end":{"line":56,"column":36}},"13":{"start":{"line":61,"column":33},"end":{"line":63,"column":5}},"14":{"start":{"line":62,"column":8},"end":{"line":62,"column":32}},"15":{"start":{"line":65,"column":33},"end":{"line":67,"column":5}},"16":{"start":{"line":66,"column":8},"end":{"line":66,"column":33}},"17":{"start":{"line":69,"column":30},"end":{"line":71,"column":5}},"18":{"start":{"line":70,"column":8},"end":{"line":70,"column":41}},"19":{"start":{"line":73,"column":37},"end":{"line":75,"column":5}},"20":{"start":{"line":74,"column":8},"end":{"line":74,"column":38}},"21":{"start":{"line":77,"column":4},"end":{"line":87,"column":11}},"22":{"start":{"line":78,"column":8},"end":{"line":78,"column":56}},"23":{"start":{"line":79,"column":8},"end":{"line":86,"column":15}},"24":{"start":{"line":80,"column":27},"end":{"line":80,"column":37}},"25":{"start":{"line":82,"column":16},"end":{"line":84,"column":18}},"26":{"start":{"line":85,"column":16},"end":{"line":85,"column":65}},"27":{"start":{"line":89,"column":4},"end":{"line":134,"column":6}},"28":{"start":{"line":98,"column":37},"end":{"line":98,"column":75}},"29":{"start":{"line":137,"column":0},"end":{"line":143,"column":2}}},"fnMap":{"0":{"name":"(anonymous_0)","decl":{"start":{"line":33,"column":18},"end":{"line":33,"column":19}},"loc":{"start":{"line":39,"column":6},"end":{"line":135,"column":1}},"line":39},"1":{"name":"(anonymous_1)","decl":{"start":{"line":53,"column":14},"end":{"line":53,"column":15}},"loc":{"start":{"line":53,"column":20},"end":{"line":59,"column":5}},"line":53},"2":{"name":"(anonymous_2)","decl":{"start":{"line":55,"column":36},"end":{"line":55,"column":37}},"loc":{"start":{"line":55,"column":45},"end":{"line":57,"column":13}},"line":55},"3":{"name":"(anonymous_3)","decl":{"start":{"line":61,"column":33},"end":{"line":61,"column":34}},"loc":{"start":{"line":61,"column":39},"end":{"line":63,"column":5}},"line":61},"4":{"name":"(anonymous_4)","decl":{"start":{"line":65,"column":33},"end":{"line":65,"column":34}},"loc":{"start":{"line":65,"column":39},"end":{"line":67,"column":5}},"line":65},"5":{"name":"(anonymous_5)","decl":{"start":{"line":69,"column":30},"end":{"line":69,"column":31}},"loc":{"start":{"line":69,"column":36},"end":{"line":71,"column":5}},"line":69},"6":{"name":"(anonymous_6)","decl":{"start":{"line":73,"column":37},"end":{"line":73,"column":38}},"loc":{"start":{"line":73,"column":43},"end":{"line":75,"column":5}},"line":73},"7":{"name":"(anonymous_7)","decl":{"start":{"line":77,"column":14},"end":{"line":77,"column":15}},"loc":{"start":{"line":77,"column":20},"end":{"line":87,"column":5}},"line":77},"8":{"name":"(anonymous_8)","decl":{"start":{"line":80,"column":18},"end":{"line":80,"column":19}},"loc":{"start":{"line":80,"column":27},"end":{"line":80,"column":37}},"line":80},"9":{"name":"(anonymous_9)","decl":{"start":{"line":81,"column":18},"end":{"line":81,"column":19}},"loc":{"start":{"line":81,"column":27},"end":{"line":86,"column":13}},"line":81},"10":{"name":"(anonymous_10)","decl":{"start":{"line":98,"column":31},"end":{"line":98,"column":32}},"loc":{"start":{"line":98,"column":37},"end":{"line":98,"column":75}},"line":98}},"branchMap":{"0":{"loc":{"start":{"line":54,"column":8},"end":{"line":58,"column":9}},"type":"if","locations":[{"start":{"line":54,"column":8},"end":{"line":58,"column":9}},{"start":{},"end":{}}],"line":54},"1":{"loc":{"start":{"line":83,"column":20},"end":{"line":83,"column":59}},"type":"binary-expr","locations":[{"start":{"line":83,"column":20},"end":{"line":83,"column":50}},{"start":{"line":83,"column":54},"end":{"line":83,"column":59}}],"line":83},"2":{"loc":{"start":{"line":85,"column":36},"end":{"line":85,"column":63}},"type":"binary-expr","locations":[{"start":{"line":85,"column":36},"end":{"line":85,"column":56}},{"start":{"line":85,"column":60},"end":{"line":85,"column":63}}],"line":85},"3":{"loc":{"start":{"line":108,"column":17},"end":{"line":127,"column":17}},"type":"binary-expr","locations":[{"start":{"line":108,"column":17},"end":{"line":108,"column":21}},{"start":{"line":109,"column":20},"end":{"line":126,"column":26}}],"line":108},"4":{"loc":{"start":{"line":119,"column":25},"end":{"line":119,"column":66}},"type":"binary-expr","locations":[{"start":{"line":119,"column":25},"end":{"line":119,"column":42}},{"start":{"line":119,"column":46},"end":{"line":119,"column":66}}],"line":119},"5":{"loc":{"start":{"line":121,"column":25},"end":{"line":125,"column":25}},"type":"binary-expr","locations":[{"start":{"line":121,"column":25},"end":{"line":121,"column":51}},{"start":{"line":122,"column":28},"end":{"line":124,"column":41}}],"line":121}},"s":{"0":1,"1":3,"2":3,"3":3,"4":3,"5":3,"6":3,"7":3,"8":3,"9":3,"10":1,"11":0,"12":0,"13":3,"14":0,"15":3,"16":0,"17":3,"18":0,"19":3,"20":0,"21":3,"22":1,"23":1,"24":1,"25":1,"26":1,"27":3,"28":0,"29":1},"f":{"0":3,"1":1,"2":0,"3":0,"4":0,"5":0,"6":0,"7":1,"8":1,"9":1,"10":0},"b":{"0":[0,1],"1":[1,1],"2":[1,1],"3":[3,0],"4":[0,0],"5":[0,0]},"_coverageSchema":"1a1c01bbd47fc00a2c39e90264f33305004495a9","hash":"7fb06a93a8d53e529bf69a469ca893beeab34454"}
,"/home/limouzinant/GridCapa/gridcapa-app/src/components/app.jsx": {"path":"/home/limouzinant/GridCapa/gridcapa-app/src/components/app.jsx","statementMap":{"0":{"start":{"line":57,"column":22},"end":{"line":57,"column":53}},"1":{"start":{"line":59,"column":12},"end":{"line":302,"column":1}},"2":{"start":{"line":60,"column":21},"end":{"line":60,"column":34}},"3":{"start":{"line":61,"column":20},"end":{"line":61,"column":32}},"4":{"start":{"line":62,"column":21},"end":{"line":62,"column":34}},"5":{"start":{"line":63,"column":21},"end":{"line":63,"column":34}},"6":{"start":{"line":64,"column":32},"end":{"line":64,"column":45}},"7":{"start":{"line":66,"column":17},"end":{"line":66,"column":51}},"8":{"start":{"line":66,"column":40},"end":{"line":66,"column":50}},"9":{"start":{"line":67,"column":32},"end":{"line":69,"column":5}},"10":{"start":{"line":68,"column":19},"end":{"line":68,"column":44}},"11":{"start":{"line":70,"column":38},"end":{"line":72,"column":5}},"12":{"start":{"line":71,"column":19},"end":{"line":71,"column":50}},"13":{"start":{"line":73,"column":42},"end":{"line":75,"column":5}},"14":{"start":{"line":74,"column":19},"end":{"line":74,"column":54}},"15":{"start":{"line":77,"column":42},"end":{"line":77,"column":65}},"16":{"start":{"line":79,"column":49},"end":{"line":83,"column":5}},"17":{"start":{"line":84,"column":44},"end":{"line":88,"column":5}},"18":{"start":{"line":89,"column":38},"end":{"line":89,"column":52}},"19":{"start":{"line":90,"column":28},"end":{"line":90,"column":62}},"20":{"start":{"line":91,"column":54},"end":{"line":91,"column":69}},"21":{"start":{"line":93,"column":25},"end":{"line":93,"column":56}},"22":{"start":{"line":93,"column":35},"end":{"line":93,"column":56}},"23":{"start":{"line":95,"column":4},"end":{"line":128,"column":7}},"24":{"start":{"line":96,"column":8},"end":{"line":123,"column":13}},"25":{"start":{"line":97,"column":12},"end":{"line":122,"column":13}},"26":{"start":{"line":98,"column":16},"end":{"line":119,"column":17}},"27":{"start":{"line":99,"column":20},"end":{"line":108,"column":23}},"28":{"start":{"line":110,"column":20},"end":{"line":118,"column":23}},"29":{"start":{"line":121,"column":16},"end":{"line":121,"column":73}},"30":{"start":{"line":130,"column":25},"end":{"line":151,"column":5}},"31":{"start":{"line":132,"column":12},"end":{"line":132,"column":63}},"32":{"start":{"line":133,"column":12},"end":{"line":148,"column":15}},"33":{"start":{"line":134,"column":16},"end":{"line":147,"column":17}},"34":{"start":{"line":136,"column":24},"end":{"line":136,"column":59}},"35":{"start":{"line":137,"column":24},"end":{"line":137,"column":30}},"36":{"start":{"line":139,"column":24},"end":{"line":139,"column":62}},"37":{"start":{"line":140,"column":24},"end":{"line":144,"column":26}},"38":{"start":{"line":145,"column":24},"end":{"line":145,"column":30}},"39":{"start":{"line":153,"column":25},"end":{"line":165,"column":5}},"40":{"start":{"line":155,"column":12},"end":{"line":162,"column":15}},"41":{"start":{"line":167,"column":45},"end":{"line":184,"column":36}},"42":{"start":{"line":168,"column":19},"end":{"line":168,"column":57}},"43":{"start":{"line":170,"column":8},"end":{"line":177,"column":10}},"44":{"start":{"line":171,"column":28},"end":{"line":171,"column":50}},"45":{"start":{"line":172,"column":12},"end":{"line":176,"column":13}},"46":{"start":{"line":173,"column":16},"end":{"line":175,"column":73}},"47":{"start":{"line":174,"column":37},"end":{"line":174,"column":58}},"48":{"start":{"line":175,"column":45},"end":{"line":175,"column":71}},"49":{"start":{"line":179,"column":8},"end":{"line":181,"column":10}},"50":{"start":{"line":180,"column":12},"end":{"line":180,"column":76}},"51":{"start":{"line":183,"column":8},"end":{"line":183,"column":18}},"52":{"start":{"line":186,"column":4},"end":{"line":202,"column":77}},"53":{"start":{"line":187,"column":8},"end":{"line":201,"column":9}},"54":{"start":{"line":188,"column":12},"end":{"line":190,"column":69}},"55":{"start":{"line":189,"column":34},"end":{"line":189,"column":54}},"56":{"start":{"line":190,"column":41},"end":{"line":190,"column":67}},"57":{"start":{"line":192,"column":12},"end":{"line":194,"column":69}},"58":{"start":{"line":193,"column":34},"end":{"line":193,"column":54}},"59":{"start":{"line":194,"column":41},"end":{"line":194,"column":67}},"60":{"start":{"line":196,"column":23},"end":{"line":196,"column":57}},"61":{"start":{"line":198,"column":12},"end":{"line":200,"column":14}},"62":{"start":{"line":199,"column":16},"end":{"line":199,"column":27}},"63":{"start":{"line":204,"column":29},"end":{"line":210,"column":5}},"64":{"start":{"line":205,"column":8},"end":{"line":205,"column":26}},"65":{"start":{"line":206,"column":23},"end":{"line":206,"column":70}},"66":{"start":{"line":207,"column":8},"end":{"line":209,"column":11}},"67":{"start":{"line":212,"column":34},"end":{"line":218,"column":5}},"68":{"start":{"line":213,"column":8},"end":{"line":213,"column":45}},"69":{"start":{"line":214,"column":23},"end":{"line":214,"column":69}},"70":{"start":{"line":215,"column":8},"end":{"line":217,"column":11}},"71":{"start":{"line":220,"column":4},"end":{"line":301,"column":6}},"72":{"start":{"line":238,"column":28},"end":{"line":257,"column":30}}},"fnMap":{"0":{"name":"(anonymous_0)","decl":{"start":{"line":59,"column":12},"end":{"line":59,"column":13}},"loc":{"start":{"line":59,"column":18},"end":{"line":302,"column":1}},"line":59},"1":{"name":"(anonymous_1)","decl":{"start":{"line":66,"column":29},"end":{"line":66,"column":30}},"loc":{"start":{"line":66,"column":40},"end":{"line":66,"column":50}},"line":66},"2":{"name":"(anonymous_2)","decl":{"start":{"line":68,"column":8},"end":{"line":68,"column":9}},"loc":{"start":{"line":68,"column":19},"end":{"line":68,"column":44}},"line":68},"3":{"name":"(anonymous_3)","decl":{"start":{"line":71,"column":8},"end":{"line":71,"column":9}},"loc":{"start":{"line":71,"column":19},"end":{"line":71,"column":50}},"line":71},"4":{"name":"(anonymous_4)","decl":{"start":{"line":74,"column":8},"end":{"line":74,"column":9}},"loc":{"start":{"line":74,"column":19},"end":{"line":74,"column":54}},"line":74},"5":{"name":"(anonymous_5)","decl":{"start":{"line":93,"column":25},"end":{"line":93,"column":26}},"loc":{"start":{"line":93,"column":35},"end":{"line":93,"column":56}},"line":93},"6":{"name":"(anonymous_6)","decl":{"start":{"line":95,"column":14},"end":{"line":95,"column":15}},"loc":{"start":{"line":95,"column":20},"end":{"line":124,"column":5}},"line":95},"7":{"name":"initializeAuthentication","decl":{"start":{"line":96,"column":24},"end":{"line":96,"column":48}},"loc":{"start":{"line":96,"column":51},"end":{"line":123,"column":9}},"line":96},"8":{"name":"(anonymous_8)","decl":{"start":{"line":131,"column":8},"end":{"line":131,"column":9}},"loc":{"start":{"line":131,"column":20},"end":{"line":149,"column":9}},"line":131},"9":{"name":"(anonymous_9)","decl":{"start":{"line":133,"column":27},"end":{"line":133,"column":28}},"loc":{"start":{"line":133,"column":38},"end":{"line":148,"column":13}},"line":133},"10":{"name":"(anonymous_10)","decl":{"start":{"line":154,"column":8},"end":{"line":154,"column":9}},"loc":{"start":{"line":154,"column":26},"end":{"line":163,"column":9}},"line":154},"11":{"name":"(anonymous_11)","decl":{"start":{"line":167,"column":57},"end":{"line":167,"column":58}},"loc":{"start":{"line":167,"column":63},"end":{"line":184,"column":5}},"line":167},"12":{"name":"(anonymous_12)","decl":{"start":{"line":170,"column":23},"end":{"line":170,"column":24}},"loc":{"start":{"line":170,"column":34},"end":{"line":177,"column":9}},"line":170},"13":{"name":"(anonymous_13)","decl":{"start":{"line":174,"column":26},"end":{"line":174,"column":27}},"loc":{"start":{"line":174,"column":37},"end":{"line":174,"column":58}},"line":174},"14":{"name":"(anonymous_14)","decl":{"start":{"line":175,"column":27},"end":{"line":175,"column":28}},"loc":{"start":{"line":175,"column":45},"end":{"line":175,"column":71}},"line":175},"15":{"name":"(anonymous_15)","decl":{"start":{"line":179,"column":21},"end":{"line":179,"column":22}},"loc":{"start":{"line":179,"column":32},"end":{"line":181,"column":9}},"line":179},"16":{"name":"(anonymous_16)","decl":{"start":{"line":186,"column":14},"end":{"line":186,"column":15}},"loc":{"start":{"line":186,"column":20},"end":{"line":202,"column":5}},"line":186},"17":{"name":"(anonymous_17)","decl":{"start":{"line":189,"column":22},"end":{"line":189,"column":23}},"loc":{"start":{"line":189,"column":34},"end":{"line":189,"column":54}},"line":189},"18":{"name":"(anonymous_18)","decl":{"start":{"line":190,"column":23},"end":{"line":190,"column":24}},"loc":{"start":{"line":190,"column":41},"end":{"line":190,"column":67}},"line":190},"19":{"name":"(anonymous_19)","decl":{"start":{"line":193,"column":22},"end":{"line":193,"column":23}},"loc":{"start":{"line":193,"column":34},"end":{"line":193,"column":54}},"line":193},"20":{"name":"(anonymous_20)","decl":{"start":{"line":194,"column":23},"end":{"line":194,"column":24}},"loc":{"start":{"line":194,"column":41},"end":{"line":194,"column":67}},"line":194},"21":{"name":"(anonymous_21)","decl":{"start":{"line":198,"column":19},"end":{"line":198,"column":20}},"loc":{"start":{"line":198,"column":25},"end":{"line":200,"column":13}},"line":198},"22":{"name":"(anonymous_22)","decl":{"start":{"line":204,"column":29},"end":{"line":204,"column":30}},"loc":{"start":{"line":204,"column":43},"end":{"line":210,"column":5}},"line":204},"23":{"name":"(anonymous_23)","decl":{"start":{"line":212,"column":34},"end":{"line":212,"column":35}},"loc":{"start":{"line":212,"column":52},"end":{"line":218,"column":5}},"line":212},"24":{"name":"(anonymous_24)","decl":{"start":{"line":237,"column":30},"end":{"line":237,"column":31}},"loc":{"start":{"line":238,"column":28},"end":{"line":257,"column":30}},"line":238}},"branchMap":{"0":{"loc":{"start":{"line":98,"column":16},"end":{"line":119,"column":17}},"type":"if","locations":[{"start":{"line":98,"column":16},"end":{"line":119,"column":17}},{"start":{"line":109,"column":23},"end":{"line":119,"column":17}}],"line":98},"1":{"loc":{"start":{"line":134,"column":16},"end":{"line":147,"column":17}},"type":"switch","locations":[{"start":{"line":135,"column":20},"end":{"line":137,"column":30}},{"start":{"line":138,"column":20},"end":{"line":145,"column":30}},{"start":{"line":146,"column":20},"end":{"line":146,"column":28}}],"line":134},"2":{"loc":{"start":{"line":172,"column":12},"end":{"line":176,"column":13}},"type":"if","locations":[{"start":{"line":172,"column":12},"end":{"line":176,"column":13}},{"start":{},"end":{}}],"line":172},"3":{"loc":{"start":{"line":172,"column":16},"end":{"line":172,"column":71}},"type":"binary-expr","locations":[{"start":{"line":172,"column":16},"end":{"line":172,"column":33}},{"start":{"line":172,"column":37},"end":{"line":172,"column":71}}],"line":172},"4":{"loc":{"start":{"line":187,"column":8},"end":{"line":201,"column":9}},"type":"if","locations":[{"start":{"line":187,"column":8},"end":{"line":201,"column":9}},{"start":{},"end":{}}],"line":187},"5":{"loc":{"start":{"line":230,"column":17},"end":{"line":298,"column":17}},"type":"cond-expr","locations":[{"start":{"line":231,"column":20},"end":{"line":285,"column":29}},{"start":{"line":287,"column":20},"end":{"line":297,"column":22}}],"line":230},"6":{"loc":{"start":{"line":264,"column":40},"end":{"line":264,"column":64}},"type":"binary-expr","locations":[{"start":{"line":264,"column":40},"end":{"line":264,"column":57}},{"start":{"line":264,"column":61},"end":{"line":264,"column":64}}],"line":264}},"s":{"0":1,"1":1,"2":3,"3":3,"4":3,"5":3,"6":3,"7":3,"8":5,"9":3,"10":5,"11":3,"12":5,"13":3,"14":5,"15":3,"16":3,"17":3,"18":3,"19":3,"20":3,"21":3,"22":0,"23":3,"24":1,"25":1,"26":1,"27":0,"28":1,"29":0,"30":3,"31":0,"32":0,"33":0,"34":0,"35":0,"36":0,"37":0,"38":0,"39":3,"40":0,"41":3,"42":0,"43":0,"44":0,"45":0,"46":0,"47":0,"48":0,"49":0,"50":0,"51":0,"52":3,"53":1,"54":0,"55":0,"56":0,"57":0,"58":0,"59":0,"60":0,"61":0,"62":0,"63":3,"64":0,"65":0,"66":0,"67":3,"68":0,"69":0,"70":0,"71":3,"72":0},"f":{"0":3,"1":5,"2":5,"3":5,"4":5,"5":0,"6":1,"7":1,"8":0,"9":0,"10":0,"11":0,"12":0,"13":0,"14":0,"15":0,"16":1,"17":0,"18":0,"19":0,"20":0,"21":0,"22":0,"23":0,"24":0},"b":{"0":[0,1],"1":[0,0,0],"2":[0,0],"3":[0,0],"4":[0,1],"5":[0,3],"6":[0,0]},"_coverageSchema":"1a1c01bbd47fc00a2c39e90264f33305004495a9","hash":"fc9d57fe8b371d83aa515d6c5223a1ba6017743f"}
,"/home/limouzinant/GridCapa/gridcapa-app/src/components/business-date-view.jsx": {"path":"/home/limouzinant/GridCapa/gridcapa-app/src/components/business-date-view.jsx","statementMap":{"0":{"start":{"line":12,"column":25},"end":{"line":33,"column":1}},"1":{"start":{"line":13,"column":25},"end":{"line":13,"column":56}},"2":{"start":{"line":14,"column":4},"end":{"line":14,"column":39}},"3":{"start":{"line":15,"column":4},"end":{"line":32,"column":6}}},"fnMap":{"0":{"name":"(anonymous_0)","decl":{"start":{"line":12,"column":25},"end":{"line":12,"column":26}},"loc":{"start":{"line":12,"column":76},"end":{"line":33,"column":1}},"line":12}},"branchMap":{},"s":{"0":1,"1":0,"2":0,"3":0},"f":{"0":0},"b":{},"_coverageSchema":"1a1c01bbd47fc00a2c39e90264f33305004495a9","hash":"35e404a62652ad24a53358ff5bd1bffbf00ca89b"}
,"/home/limouzinant/GridCapa/gridcapa-app/src/components/events-table.jsx": {"path":"/home/limouzinant/GridCapa/gridcapa-app/src/components/events-table.jsx","statementMap":{"0":{"start":{"line":23,"column":32},"end":{"line":33,"column":1}},"1":{"start":{"line":36,"column":16},"end":{"line":36,"column":34}},"2":{"start":{"line":37,"column":20},"end":{"line":37,"column":42}},"3":{"start":{"line":38,"column":18},"end":{"line":38,"column":38}},"4":{"start":{"line":39,"column":27},"end":{"line":39,"column":42}},"5":{"start":{"line":41,"column":29},"end":{"line":41,"column":58}},"6":{"start":{"line":43,"column":4},"end":{"line":62,"column":6}},"7":{"start":{"line":58,"column":20},"end":{"line":58,"column":33}},"8":{"start":{"line":70,"column":4},"end":{"line":70,"column":42}},"9":{"start":{"line":71,"column":33},"end":{"line":71,"column":35}},"10":{"start":{"line":72,"column":4},"end":{"line":76,"column":7}},"11":{"start":{"line":73,"column":8},"end":{"line":75,"column":9}},"12":{"start":{"line":74,"column":12},"end":{"line":74,"column":58}},"13":{"start":{"line":77,"column":4},"end":{"line":77,"column":73}},"14":{"start":{"line":78,"column":4},"end":{"line":78,"column":44}},"15":{"start":{"line":81,"column":20},"end":{"line":197,"column":1}},"16":{"start":{"line":83,"column":8},"end":{"line":83,"column":20}},"17":{"start":{"line":84,"column":68},"end":{"line":86,"column":5}},"18":{"start":{"line":87,"column":42},"end":{"line":87,"column":54}},"19":{"start":{"line":88,"column":38},"end":{"line":88,"column":50}},"20":{"start":{"line":90,"column":4},"end":{"line":105,"column":11}},"21":{"start":{"line":91,"column":8},"end":{"line":104,"column":15}},"22":{"start":{"line":92,"column":27},"end":{"line":92,"column":37}},"23":{"start":{"line":94,"column":16},"end":{"line":98,"column":18}},"24":{"start":{"line":99,"column":16},"end":{"line":103,"column":18}},"25":{"start":{"line":107,"column":30},"end":{"line":109,"column":5}},"26":{"start":{"line":108,"column":8},"end":{"line":108,"column":31}},"27":{"start":{"line":111,"column":28},"end":{"line":113,"column":5}},"28":{"start":{"line":112,"column":8},"end":{"line":112,"column":29}},"29":{"start":{"line":115,"column":40},"end":{"line":130,"column":5}},"30":{"start":{"line":116,"column":21},"end":{"line":116,"column":26}},"31":{"start":{"line":117,"column":8},"end":{"line":128,"column":11}},"32":{"start":{"line":118,"column":12},"end":{"line":127,"column":13}},"33":{"start":{"line":126,"column":16},"end":{"line":126,"column":30}},"34":{"start":{"line":129,"column":8},"end":{"line":129,"column":22}},"35":{"start":{"line":132,"column":31},"end":{"line":158,"column":5}},"36":{"start":{"line":133,"column":26},"end":{"line":133,"column":71}},"37":{"start":{"line":134,"column":23},"end":{"line":134,"column":25}},"38":{"start":{"line":135,"column":8},"end":{"line":155,"column":9}},"39":{"start":{"line":136,"column":12},"end":{"line":154,"column":14}},"40":{"start":{"line":138,"column":20},"end":{"line":153,"column":77}},"41":{"start":{"line":141,"column":32},"end":{"line":143,"column":62}},"42":{"start":{"line":148,"column":32},"end":{"line":150,"column":62}},"43":{"start":{"line":157,"column":8},"end":{"line":157,"column":24}},"44":{"start":{"line":160,"column":4},"end":{"line":196,"column":6}},"45":{"start":{"line":191,"column":42},"end":{"line":191,"column":68}}},"fnMap":{"0":{"name":"inputDataRow","decl":{"start":{"line":35,"column":9},"end":{"line":35,"column":21}},"loc":{"start":{"line":35,"column":36},"end":{"line":63,"column":1}},"line":35},"1":{"name":"(anonymous_1)","decl":{"start":{"line":57,"column":41},"end":{"line":57,"column":42}},"loc":{"start":{"line":58,"column":20},"end":{"line":58,"column":33}},"line":58},"2":{"name":"loadPredefinedFilter","decl":{"start":{"line":65,"column":9},"end":{"line":65,"column":29}},"loc":{"start":{"line":69,"column":2},"end":{"line":79,"column":1}},"line":69},"3":{"name":"(anonymous_3)","decl":{"start":{"line":72,"column":29},"end":{"line":72,"column":30}},"loc":{"start":{"line":72,"column":36},"end":{"line":76,"column":5}},"line":72},"4":{"name":"(anonymous_4)","decl":{"start":{"line":81,"column":20},"end":{"line":81,"column":21}},"loc":{"start":{"line":81,"column":40},"end":{"line":197,"column":1}},"line":81},"5":{"name":"(anonymous_5)","decl":{"start":{"line":90,"column":14},"end":{"line":90,"column":15}},"loc":{"start":{"line":90,"column":20},"end":{"line":105,"column":5}},"line":90},"6":{"name":"(anonymous_6)","decl":{"start":{"line":92,"column":18},"end":{"line":92,"column":19}},"loc":{"start":{"line":92,"column":27},"end":{"line":92,"column":37}},"line":92},"7":{"name":"(anonymous_7)","decl":{"start":{"line":93,"column":18},"end":{"line":93,"column":19}},"loc":{"start":{"line":93,"column":27},"end":{"line":104,"column":13}},"line":93},"8":{"name":"(anonymous_8)","decl":{"start":{"line":107,"column":30},"end":{"line":107,"column":31}},"loc":{"start":{"line":107,"column":42},"end":{"line":109,"column":5}},"line":107},"9":{"name":"(anonymous_9)","decl":{"start":{"line":111,"column":28},"end":{"line":111,"column":29}},"loc":{"start":{"line":111,"column":40},"end":{"line":113,"column":5}},"line":111},"10":{"name":"(anonymous_10)","decl":{"start":{"line":115,"column":40},"end":{"line":115,"column":41}},"loc":{"start":{"line":115,"column":62},"end":{"line":130,"column":5}},"line":115},"11":{"name":"(anonymous_11)","decl":{"start":{"line":117,"column":41},"end":{"line":117,"column":42}},"loc":{"start":{"line":117,"column":48},"end":{"line":128,"column":9}},"line":117},"12":{"name":"(anonymous_12)","decl":{"start":{"line":132,"column":31},"end":{"line":132,"column":32}},"loc":{"start":{"line":132,"column":73},"end":{"line":158,"column":5}},"line":132},"13":{"name":"(anonymous_13)","decl":{"start":{"line":137,"column":16},"end":{"line":137,"column":17}},"loc":{"start":{"line":138,"column":20},"end":{"line":153,"column":77}},"line":138},"14":{"name":"(anonymous_14)","decl":{"start":{"line":140,"column":52},"end":{"line":140,"column":53}},"loc":{"start":{"line":141,"column":32},"end":{"line":143,"column":62}},"line":141},"15":{"name":"(anonymous_15)","decl":{"start":{"line":147,"column":51},"end":{"line":147,"column":52}},"loc":{"start":{"line":148,"column":32},"end":{"line":150,"column":62}},"line":148},"16":{"name":"(anonymous_16)","decl":{"start":{"line":191,"column":24},"end":{"line":191,"column":25}},"loc":{"start":{"line":191,"column":42},"end":{"line":191,"column":68}},"line":191}},"branchMap":{"0":{"loc":{"start":{"line":73,"column":8},"end":{"line":75,"column":9}},"type":"if","locations":[{"start":{"line":73,"column":8},"end":{"line":75,"column":9}},{"start":{},"end":{}}],"line":73},"1":{"loc":{"start":{"line":73,"column":12},"end":{"line":73,"column":57}},"type":"binary-expr","locations":[{"start":{"line":73,"column":12},"end":{"line":73,"column":28}},{"start":{"line":73,"column":32},"end":{"line":73,"column":57}}],"line":73},"2":{"loc":{"start":{"line":118,"column":12},"end":{"line":127,"column":13}},"type":"if","locations":[{"start":{"line":118,"column":12},"end":{"line":127,"column":13}},{"start":{},"end":{}}],"line":118},"3":{"loc":{"start":{"line":119,"column":16},"end":{"line":124,"column":17}},"type":"binary-expr","locations":[{"start":{"line":119,"column":16},"end":{"line":119,"column":36}},{"start":{"line":120,"column":16},"end":{"line":124,"column":17}}],"line":119},"4":{"loc":{"start":{"line":135,"column":8},"end":{"line":155,"column":9}},"type":"if","locations":[{"start":{"line":135,"column":8},"end":{"line":155,"column":9}},{"start":{},"end":{}}],"line":135},"5":{"loc":{"start":{"line":138,"column":20},"end":{"line":153,"column":77}},"type":"binary-expr","locations":[{"start":{"line":138,"column":21},"end":{"line":138,"column":52}},{"start":{"line":139,"column":25},"end":{"line":139,"column":54}},{"start":{"line":140,"column":28},"end":{"line":144,"column":29}},{"start":{"line":145,"column":21},"end":{"line":145,"column":50}},{"start":{"line":146,"column":25},"end":{"line":146,"column":52}},{"start":{"line":147,"column":29},"end":{"line":151,"column":29}},{"start":{"line":152,"column":33},"end":{"line":152,"column":44}},{"start":{"line":153,"column":36},"end":{"line":153,"column":73}}],"line":138}},"s":{"0":1,"1":0,"2":0,"3":0,"4":0,"5":0,"6":0,"7":0,"8":0,"9":0,"10":0,"11":0,"12":0,"13":0,"14":0,"15":1,"16":0,"17":0,"18":0,"19":0,"20":0,"21":0,"22":0,"23":0,"24":0,"25":0,"26":0,"27":0,"28":0,"29":0,"30":0,"31":0,"32":0,"33":0,"34":0,"35":0,"36":0,"37":0,"38":0,"39":0,"40":0,"41":0,"42":0,"43":0,"44":0,"45":0},"f":{"0":0,"1":0,"2":0,"3":0,"4":0,"5":0,"6":0,"7":0,"8":0,"9":0,"10":0,"11":0,"12":0,"13":0,"14":0,"15":0,"16":0},"b":{"0":[0,0],"1":[0,0],"2":[0,0],"3":[0,0],"4":[0,0],"5":[0,0,0,0,0,0,0,0]},"_coverageSchema":"1a1c01bbd47fc00a2c39e90264f33305004495a9","hash":"a5deca77cbdda9d584418dce00e1f32270020e64"}
,"/home/limouzinant/GridCapa/gridcapa-app/src/components/file-summary.jsx": {"path":"/home/limouzinant/GridCapa/gridcapa-app/src/components/file-summary.jsx","statementMap":{"0":{"start":{"line":8,"column":20},"end":{"line":18,"column":1}},"1":{"start":{"line":9,"column":4},"end":{"line":17,"column":6}},"2":{"start":{"line":12,"column":38},"end":{"line":12,"column":73}}},"fnMap":{"0":{"name":"(anonymous_0)","decl":{"start":{"line":8,"column":20},"end":{"line":8,"column":21}},"loc":{"start":{"line":8,"column":46},"end":{"line":18,"column":1}},"line":8},"1":{"name":"(anonymous_1)","decl":{"start":{"line":12,"column":31},"end":{"line":12,"column":32}},"loc":{"start":{"line":12,"column":38},"end":{"line":12,"column":73}},"line":12}},"branchMap":{},"s":{"0":2,"1":1,"2":3},"f":{"0":1,"1":3},"b":{},"_coverageSchema":"1a1c01bbd47fc00a2c39e90264f33305004495a9","hash":"55cae4eef8b0f3d3337ff52bf9783aed215c1513"}
,"/home/limouzinant/GridCapa/gridcapa-app/src/components/filter-menu.jsx": {"path":"/home/limouzinant/GridCapa/gridcapa-app/src/components/filter-menu.jsx","statementMap":{"0":{"start":{"line":21,"column":34},"end":{"line":33,"column":1}},"1":{"start":{"line":22,"column":4},"end":{"line":32,"column":5}},"2":{"start":{"line":23,"column":8},"end":{"line":29,"column":11}},"3":{"start":{"line":24,"column":12},"end":{"line":28,"column":13}},"4":{"start":{"line":25,"column":16},"end":{"line":25,"column":45}},"5":{"start":{"line":27,"column":16},"end":{"line":27,"column":34}},"6":{"start":{"line":31,"column":8},"end":{"line":31,"column":67}},"7":{"start":{"line":31,"column":55},"end":{"line":31,"column":65}},"8":{"start":{"line":35,"column":19},"end":{"line":188,"column":1}},"9":{"start":{"line":43,"column":8},"end":{"line":43,"column":22}},"10":{"start":{"line":44,"column":42},"end":{"line":44,"column":52}},"11":{"start":{"line":45,"column":28},"end":{"line":47,"column":5}},"12":{"start":{"line":46,"column":8},"end":{"line":46,"column":59}},"13":{"start":{"line":49,"column":48},"end":{"line":49,"column":60}},"14":{"start":{"line":51,"column":4},"end":{"line":54,"column":34}},"15":{"start":{"line":52,"column":8},"end":{"line":52,"column":71}},"16":{"start":{"line":59,"column":36},"end":{"line":59,"column":48}},"17":{"start":{"line":61,"column":24},"end":{"line":63,"column":5}},"18":{"start":{"line":62,"column":8},"end":{"line":62,"column":44}},"19":{"start":{"line":65,"column":30},"end":{"line":100,"column":5}},"20":{"start":{"line":66,"column":26},"end":{"line":66,"column":28}},"21":{"start":{"line":67,"column":24},"end":{"line":67,"column":43}},"22":{"start":{"line":68,"column":8},"end":{"line":96,"column":9}},"23":{"start":{"line":69,"column":12},"end":{"line":69,"column":56}},"24":{"start":{"line":70,"column":12},"end":{"line":72,"column":13}},"25":{"start":{"line":71,"column":16},"end":{"line":71,"column":60}},"26":{"start":{"line":74,"column":24},"end":{"line":74,"column":62}},"27":{"start":{"line":75,"column":12},"end":{"line":75,"column":59}},"28":{"start":{"line":76,"column":12},"end":{"line":76,"column":41}},"29":{"start":{"line":78,"column":12},"end":{"line":95,"column":13}},"30":{"start":{"line":79,"column":16},"end":{"line":85,"column":19}},"31":{"start":{"line":80,"column":20},"end":{"line":84,"column":21}},"32":{"start":{"line":81,"column":24},"end":{"line":81,"column":64}},"33":{"start":{"line":82,"column":27},"end":{"line":84,"column":21}},"34":{"start":{"line":83,"column":24},"end":{"line":83,"column":49}},"35":{"start":{"line":87,"column":16},"end":{"line":93,"column":19}},"36":{"start":{"line":88,"column":20},"end":{"line":92,"column":21}},"37":{"start":{"line":89,"column":24},"end":{"line":91,"column":26}},"38":{"start":{"line":90,"column":28},"end":{"line":90,"column":49}},"39":{"start":{"line":94,"column":16},"end":{"line":94,"column":56}},"40":{"start":{"line":98,"column":8},"end":{"line":98,"column":33}},"41":{"start":{"line":99,"column":8},"end":{"line":99,"column":34}},"42":{"start":{"line":102,"column":22},"end":{"line":106,"column":5}},"43":{"start":{"line":103,"column":8},"end":{"line":105,"column":9}},"44":{"start":{"line":104,"column":12},"end":{"line":104,"column":56}},"45":{"start":{"line":108,"column":29},"end":{"line":139,"column":5}},"46":{"start":{"line":109,"column":24},"end":{"line":109,"column":26}},"47":{"start":{"line":110,"column":8},"end":{"line":116,"column":9}},"48":{"start":{"line":111,"column":12},"end":{"line":113,"column":15}},"49":{"start":{"line":112,"column":16},"end":{"line":112,"column":70}},"50":{"start":{"line":114,"column":15},"end":{"line":116,"column":9}},"51":{"start":{"line":115,"column":12},"end":{"line":115,"column":54}},"52":{"start":{"line":118,"column":8},"end":{"line":138,"column":10}},"53":{"start":{"line":121,"column":20},"end":{"line":135,"column":22}},"54":{"start":{"line":141,"column":4},"end":{"line":187,"column":6}},"55":{"start":{"line":161,"column":48},"end":{"line":161,"column":67}}},"fnMap":{"0":{"name":"(anonymous_0)","decl":{"start":{"line":21,"column":34},"end":{"line":21,"column":35}},"loc":{"start":{"line":21,"column":75},"end":{"line":33,"column":1}},"line":21},"1":{"name":"(anonymous_1)","decl":{"start":{"line":23,"column":36},"end":{"line":23,"column":37}},"loc":{"start":{"line":23,"column":48},"end":{"line":29,"column":9}},"line":23},"2":{"name":"(anonymous_2)","decl":{"start":{"line":31,"column":49},"end":{"line":31,"column":50}},"loc":{"start":{"line":31,"column":55},"end":{"line":31,"column":65}},"line":31},"3":{"name":"(anonymous_3)","decl":{"start":{"line":35,"column":19},"end":{"line":35,"column":20}},"loc":{"start":{"line":41,"column":6},"end":{"line":188,"column":1}},"line":41},"4":{"name":"(anonymous_4)","decl":{"start":{"line":45,"column":28},"end":{"line":45,"column":29}},"loc":{"start":{"line":45,"column":39},"end":{"line":47,"column":5}},"line":45},"5":{"name":"(anonymous_5)","decl":{"start":{"line":51,"column":14},"end":{"line":51,"column":15}},"loc":{"start":{"line":51,"column":20},"end":{"line":54,"column":5}},"line":51},"6":{"name":"(anonymous_6)","decl":{"start":{"line":61,"column":24},"end":{"line":61,"column":25}},"loc":{"start":{"line":61,"column":30},"end":{"line":63,"column":5}},"line":61},"7":{"name":"(anonymous_7)","decl":{"start":{"line":65,"column":30},"end":{"line":65,"column":31}},"loc":{"start":{"line":65,"column":41},"end":{"line":100,"column":5}},"line":65},"8":{"name":"(anonymous_8)","decl":{"start":{"line":79,"column":41},"end":{"line":79,"column":42}},"loc":{"start":{"line":79,"column":66},"end":{"line":85,"column":17}},"line":79},"9":{"name":"(anonymous_9)","decl":{"start":{"line":87,"column":54},"end":{"line":87,"column":55}},"loc":{"start":{"line":87,"column":78},"end":{"line":93,"column":17}},"line":87},"10":{"name":"(anonymous_10)","decl":{"start":{"line":89,"column":59},"end":{"line":89,"column":60}},"loc":{"start":{"line":90,"column":28},"end":{"line":90,"column":49}},"line":90},"11":{"name":"(anonymous_11)","decl":{"start":{"line":102,"column":22},"end":{"line":102,"column":23}},"loc":{"start":{"line":102,"column":28},"end":{"line":106,"column":5}},"line":102},"12":{"name":"(anonymous_12)","decl":{"start":{"line":108,"column":29},"end":{"line":108,"column":30}},"loc":{"start":{"line":108,"column":35},"end":{"line":139,"column":5}},"line":108},"13":{"name":"(anonymous_13)","decl":{"start":{"line":111,"column":45},"end":{"line":111,"column":46}},"loc":{"start":{"line":111,"column":57},"end":{"line":113,"column":13}},"line":111},"14":{"name":"(anonymous_14)","decl":{"start":{"line":120,"column":31},"end":{"line":120,"column":32}},"loc":{"start":{"line":120,"column":53},"end":{"line":136,"column":17}},"line":120},"15":{"name":"(anonymous_15)","decl":{"start":{"line":161,"column":41},"end":{"line":161,"column":42}},"loc":{"start":{"line":161,"column":48},"end":{"line":161,"column":67}},"line":161}},"branchMap":{"0":{"loc":{"start":{"line":21,"column":53},"end":{"line":21,"column":70}},"type":"default-arg","locations":[{"start":{"line":21,"column":66},"end":{"line":21,"column":70}}],"line":21},"1":{"loc":{"start":{"line":22,"column":4},"end":{"line":32,"column":5}},"type":"if","locations":[{"start":{"line":22,"column":4},"end":{"line":32,"column":5}},{"start":{"line":30,"column":11},"end":{"line":32,"column":5}}],"line":22},"2":{"loc":{"start":{"line":24,"column":12},"end":{"line":28,"column":13}},"type":"if","locations":[{"start":{"line":24,"column":12},"end":{"line":28,"column":13}},{"start":{"line":26,"column":19},"end":{"line":28,"column":13}}],"line":24},"3":{"loc":{"start":{"line":39,"column":4},"end":{"line":39,"column":25}},"type":"default-arg","locations":[{"start":{"line":39,"column":23},"end":{"line":39,"column":25}}],"line":39},"4":{"loc":{"start":{"line":40,"column":4},"end":{"line":40,"column":17}},"type":"default-arg","locations":[{"start":{"line":40,"column":13},"end":{"line":40,"column":17}}],"line":40},"5":{"loc":{"start":{"line":68,"column":8},"end":{"line":96,"column":9}},"type":"if","locations":[{"start":{"line":68,"column":8},"end":{"line":96,"column":9}},{"start":{"line":73,"column":15},"end":{"line":96,"column":9}}],"line":68},"6":{"loc":{"start":{"line":70,"column":12},"end":{"line":72,"column":13}},"type":"if","locations":[{"start":{"line":70,"column":12},"end":{"line":72,"column":13}},{"start":{},"end":{}}],"line":70},"7":{"loc":{"start":{"line":78,"column":12},"end":{"line":95,"column":13}},"type":"if","locations":[{"start":{"line":78,"column":12},"end":{"line":95,"column":13}},{"start":{"line":86,"column":19},"end":{"line":95,"column":13}}],"line":78},"8":{"loc":{"start":{"line":80,"column":20},"end":{"line":84,"column":21}},"type":"if","locations":[{"start":{"line":80,"column":20},"end":{"line":84,"column":21}},{"start":{"line":82,"column":27},"end":{"line":84,"column":21}}],"line":80},"9":{"loc":{"start":{"line":80,"column":24},"end":{"line":80,"column":68}},"type":"binary-expr","locations":[{"start":{"line":80,"column":24},"end":{"line":80,"column":46}},{"start":{"line":80,"column":50},"end":{"line":80,"column":68}}],"line":80},"10":{"loc":{"start":{"line":82,"column":27},"end":{"line":84,"column":21}},"type":"if","locations":[{"start":{"line":82,"column":27},"end":{"line":84,"column":21}},{"start":{},"end":{}}],"line":82},"11":{"loc":{"start":{"line":88,"column":20},"end":{"line":92,"column":21}},"type":"if","locations":[{"start":{"line":88,"column":20},"end":{"line":92,"column":21}},{"start":{},"end":{}}],"line":88},"12":{"loc":{"start":{"line":103,"column":8},"end":{"line":105,"column":9}},"type":"if","locations":[{"start":{"line":103,"column":8},"end":{"line":105,"column":9}},{"start":{},"end":{}}],"line":103},"13":{"loc":{"start":{"line":110,"column":8},"end":{"line":116,"column":9}},"type":"if","locations":[{"start":{"line":110,"column":8},"end":{"line":116,"column":9}},{"start":{"line":114,"column":15},"end":{"line":116,"column":9}}],"line":110},"14":{"loc":{"start":{"line":112,"column":23},"end":{"line":112,"column":69}},"type":"cond-expr","locations":[{"start":{"line":112,"column":43},"end":{"line":112,"column":60}},{"start":{"line":112,"column":63},"end":{"line":112,"column":69}}],"line":112},"15":{"loc":{"start":{"line":114,"column":15},"end":{"line":116,"column":9}},"type":"if","locations":[{"start":{"line":114,"column":15},"end":{"line":116,"column":9}},{"start":{},"end":{}}],"line":114},"16":{"loc":{"start":{"line":148,"column":27},"end":{"line":148,"column":70}},"type":"cond-expr","locations":[{"start":{"line":148,"column":49},"end":{"line":148,"column":58}},{"start":{"line":148,"column":61},"end":{"line":148,"column":70}}],"line":148},"17":{"loc":{"start":{"line":160,"column":17},"end":{"line":176,"column":17}},"type":"binary-expr","locations":[{"start":{"line":160,"column":17},"end":{"line":160,"column":23}},{"start":{"line":161,"column":20},"end":{"line":175,"column":31}}],"line":160},"18":{"loc":{"start":{"line":177,"column":17},"end":{"line":184,"column":17}},"type":"binary-expr","locations":[{"start":{"line":177,"column":19},"end":{"line":177,"column":50}},{"start":{"line":178,"column":20},"end":{"line":178,"column":47}},{"start":{"line":179,"column":20},"end":{"line":179,"column":60}},{"start":{"line":180,"column":20},"end":{"line":183,"column":31}}],"line":177}},"s":{"0":1,"1":0,"2":0,"3":0,"4":0,"5":0,"6":0,"7":0,"8":1,"9":0,"10":0,"11":0,"12":0,"13":0,"14":0,"15":0,"16":0,"17":0,"18":0,"19":0,"20":0,"21":0,"22":0,"23":0,"24":0,"25":0,"26":0,"27":0,"28":0,"29":0,"30":0,"31":0,"32":0,"33":0,"34":0,"35":0,"36":0,"37":0,"38":0,"39":0,"40":0,"41":0,"42":0,"43":0,"44":0,"45":0,"46":0,"47":0,"48":0,"49":0,"50":0,"51":0,"52":0,"53":0,"54":0,"55":0},"f":{"0":0,"1":0,"2":0,"3":0,"4":0,"5":0,"6":0,"7":0,"8":0,"9":0,"10":0,"11":0,"12":0,"13":0,"14":0,"15":0},"b":{"0":[0],"1":[0,0],"2":[0,0],"3":[0],"4":[0],"5":[0,0],"6":[0,0],"7":[0,0],"8":[0,0],"9":[0,0],"10":[0,0],"11":[0,0],"12":[0,0],"13":[0,0],"14":[0,0],"15":[0,0],"16":[0,0],"17":[0,0],"18":[0,0,0,0]},"_coverageSchema":"1a1c01bbd47fc00a2c39e90264f33305004495a9","hash":"d6106c5e2372affd26cbbb714a0ab4a039f6f9f0"}
,"/home/limouzinant/GridCapa/gridcapa-app/src/components/global-view-core-row.jsx": {"path":"/home/limouzinant/GridCapa/gridcapa-app/src/components/global-view-core-row.jsx","statementMap":{"0":{"start":{"line":23,"column":4},"end":{"line":28,"column":13}},"1":{"start":{"line":31,"column":26},"end":{"line":137,"column":1}},"2":{"start":{"line":39,"column":20},"end":{"line":39,"column":34}},"3":{"start":{"line":40,"column":29},"end":{"line":40,"column":58}},"4":{"start":{"line":41,"column":27},"end":{"line":41,"column":53}},"5":{"start":{"line":42,"column":22},"end":{"line":42,"column":75}},"6":{"start":{"line":43,"column":58},"end":{"line":43,"column":73}},"7":{"start":{"line":45,"column":4},"end":{"line":56,"column":11}},"8":{"start":{"line":47,"column":12},"end":{"line":53,"column":13}},"9":{"start":{"line":48,"column":33},"end":{"line":48,"column":69}},"10":{"start":{"line":49,"column":29},"end":{"line":49,"column":50}},"11":{"start":{"line":50,"column":16},"end":{"line":50,"column":74}},"12":{"start":{"line":52,"column":16},"end":{"line":52,"column":63}},"13":{"start":{"line":55,"column":8},"end":{"line":55,"column":33}},"14":{"start":{"line":58,"column":4},"end":{"line":136,"column":6}},"15":{"start":{"line":90,"column":36},"end":{"line":90,"column":57}},"16":{"start":{"line":128,"column":28},"end":{"line":128,"column":50}}},"fnMap":{"0":{"name":"displayManualExportButton","decl":{"start":{"line":22,"column":9},"end":{"line":22,"column":34}},"loc":{"start":{"line":22,"column":66},"end":{"line":29,"column":1}},"line":22},"1":{"name":"(anonymous_1)","decl":{"start":{"line":31,"column":26},"end":{"line":31,"column":27}},"loc":{"start":{"line":38,"column":6},"end":{"line":137,"column":1}},"line":38},"2":{"name":"(anonymous_2)","decl":{"start":{"line":45,"column":14},"end":{"line":45,"column":15}},"loc":{"start":{"line":45,"column":20},"end":{"line":56,"column":5}},"line":45},"3":{"name":"getManualExportEnabled","decl":{"start":{"line":46,"column":23},"end":{"line":46,"column":45}},"loc":{"start":{"line":46,"column":48},"end":{"line":54,"column":9}},"line":46},"4":{"name":"(anonymous_4)","decl":{"start":{"line":89,"column":41},"end":{"line":89,"column":42}},"loc":{"start":{"line":89,"column":47},"end":{"line":91,"column":33}},"line":89},"5":{"name":"(anonymous_5)","decl":{"start":{"line":127,"column":33},"end":{"line":127,"column":34}},"loc":{"start":{"line":127,"column":39},"end":{"line":129,"column":25}},"line":127}},"branchMap":{"0":{"loc":{"start":{"line":23,"column":11},"end":{"line":28,"column":12}},"type":"cond-expr","locations":[{"start":{"line":24,"column":8},"end":{"line":27,"column":10}},{"start":{"line":28,"column":8},"end":{"line":28,"column":12}}],"line":23},"1":{"loc":{"start":{"line":23,"column":11},"end":{"line":23,"column":51}},"type":"binary-expr","locations":[{"start":{"line":23,"column":11},"end":{"line":23,"column":28}},{"start":{"line":23,"column":32},"end":{"line":23,"column":51}}],"line":23},"2":{"loc":{"start":{"line":50,"column":39},"end":{"line":50,"column":72}},"type":"binary-expr","locations":[{"start":{"line":50,"column":39},"end":{"line":50,"column":63}},{"start":{"line":50,"column":67},"end":{"line":50,"column":72}}],"line":50},"3":{"loc":{"start":{"line":59,"column":8},"end":{"line":135,"column":9}},"type":"binary-expr","locations":[{"start":{"line":59,"column":8},"end":{"line":59,"column":21}},{"start":{"line":60,"column":12},"end":{"line":134,"column":23}}],"line":59},"4":{"loc":{"start":{"line":103,"column":28},"end":{"line":105,"column":42}},"type":"cond-expr","locations":[{"start":{"line":104,"column":34},"end":{"line":104,"column":44}},{"start":{"line":105,"column":34},"end":{"line":105,"column":42}}],"line":103}},"s":{"0":0,"1":1,"2":0,"3":0,"4":0,"5":0,"6":0,"7":0,"8":0,"9":0,"10":0,"11":0,"12":0,"13":0,"14":0,"15":0,"16":0},"f":{"0":0,"1":0,"2":0,"3":0,"4":0,"5":0},"b":{"0":[0,0],"1":[0,0],"2":[0,0],"3":[0,0],"4":[0,0]},"_coverageSchema":"1a1c01bbd47fc00a2c39e90264f33305004495a9","hash":"5eef28714b27820e786de4fe735cd21449f7a19d"}
,"/home/limouzinant/GridCapa/gridcapa-app/src/components/global-view-core.jsx": {"path":"/home/limouzinant/GridCapa/gridcapa-app/src/components/global-view-core.jsx","statementMap":{"0":{"start":{"line":38,"column":23},"end":{"line":51,"column":1}},"1":{"start":{"line":39,"column":27},"end":{"line":39,"column":39}},"2":{"start":{"line":40,"column":16},"end":{"line":40,"column":40}},"3":{"start":{"line":41,"column":18},"end":{"line":41,"column":77}},"4":{"start":{"line":42,"column":17},"end":{"line":42,"column":19}},"5":{"start":{"line":44,"column":4},"end":{"line":48,"column":5}},"6":{"start":{"line":45,"column":19},"end":{"line":45,"column":50}},"7":{"start":{"line":46,"column":8},"end":{"line":46,"column":26}},"8":{"start":{"line":47,"column":8},"end":{"line":47,"column":43}},"9":{"start":{"line":50,"column":4},"end":{"line":50,"column":18}},"10":{"start":{"line":53,"column":23},"end":{"line":398,"column":1}},"11":{"start":{"line":54,"column":32},"end":{"line":54,"column":45}},"12":{"start":{"line":55,"column":20},"end":{"line":55,"column":32}},"13":{"start":{"line":57,"column":38},"end":{"line":57,"column":50}},"14":{"start":{"line":58,"column":30},"end":{"line":60,"column":5}},"15":{"start":{"line":61,"column":48},"end":{"line":61,"column":63}},"16":{"start":{"line":62,"column":46},"end":{"line":62,"column":61}},"17":{"start":{"line":63,"column":38},"end":{"line":63,"column":53}},"18":{"start":{"line":64,"column":48},"end":{"line":64,"column":63}},"19":{"start":{"line":65,"column":28},"end":{"line":65,"column":39}},"20":{"start":{"line":66,"column":42},"end":{"line":66,"column":54}},"21":{"start":{"line":67,"column":44},"end":{"line":67,"column":56}},"22":{"start":{"line":68,"column":50},"end":{"line":68,"column":62}},"23":{"start":{"line":69,"column":56},"end":{"line":69,"column":68}},"24":{"start":{"line":70,"column":23},"end":{"line":70,"column":33}},"25":{"start":{"line":72,"column":4},"end":{"line":85,"column":11}},"26":{"start":{"line":74,"column":25},"end":{"line":80,"column":18}},"27":{"start":{"line":76,"column":20},"end":{"line":76,"column":38}},"28":{"start":{"line":79,"column":20},"end":{"line":79,"column":57}},"29":{"start":{"line":81,"column":12},"end":{"line":81,"column":39}},"30":{"start":{"line":82,"column":12},"end":{"line":82,"column":42}},"31":{"start":{"line":84,"column":8},"end":{"line":84,"column":29}},"32":{"start":{"line":87,"column":35},"end":{"line":102,"column":5}},"33":{"start":{"line":89,"column":25},"end":{"line":89,"column":30}},"34":{"start":{"line":90,"column":30},"end":{"line":90,"column":40}},"35":{"start":{"line":91,"column":30},"end":{"line":95,"column":13}},"36":{"start":{"line":93,"column":20},"end":{"line":94,"column":53}},"37":{"start":{"line":96,"column":12},"end":{"line":99,"column":13}},"38":{"start":{"line":97,"column":16},"end":{"line":97,"column":55}},"39":{"start":{"line":98,"column":16},"end":{"line":98,"column":36}},"40":{"start":{"line":104,"column":28},"end":{"line":111,"column":36}},"41":{"start":{"line":105,"column":8},"end":{"line":110,"column":10}},"42":{"start":{"line":113,"column":29},"end":{"line":116,"column":5}},"43":{"start":{"line":114,"column":8},"end":{"line":114,"column":25}},"44":{"start":{"line":115,"column":8},"end":{"line":115,"column":52}},"45":{"start":{"line":118,"column":36},"end":{"line":122,"column":5}},"46":{"start":{"line":119,"column":8},"end":{"line":119,"column":44}},"47":{"start":{"line":120,"column":8},"end":{"line":120,"column":19}},"48":{"start":{"line":121,"column":8},"end":{"line":121,"column":53}},"49":{"start":{"line":124,"column":28},"end":{"line":141,"column":5}},"50":{"start":{"line":125,"column":20},"end":{"line":127,"column":9}},"51":{"start":{"line":126,"column":25},"end":{"line":126,"column":61}},"52":{"start":{"line":128,"column":8},"end":{"line":128,"column":32}},"53":{"start":{"line":129,"column":8},"end":{"line":129,"column":32}},"54":{"start":{"line":130,"column":8},"end":{"line":130,"column":32}},"55":{"start":{"line":131,"column":8},"end":{"line":140,"column":9}},"56":{"start":{"line":132,"column":12},"end":{"line":139,"column":15}},"57":{"start":{"line":137,"column":16},"end":{"line":137,"column":60}},"58":{"start":{"line":138,"column":16},"end":{"line":138,"column":41}},"59":{"start":{"line":143,"column":29},"end":{"line":147,"column":5}},"60":{"start":{"line":144,"column":20},"end":{"line":144,"column":43}},"61":{"start":{"line":145,"column":8},"end":{"line":145,"column":33}},"62":{"start":{"line":146,"column":8},"end":{"line":146,"column":33}},"63":{"start":{"line":149,"column":27},"end":{"line":155,"column":5}},"64":{"start":{"line":150,"column":20},"end":{"line":152,"column":9}},"65":{"start":{"line":151,"column":25},"end":{"line":151,"column":61}},"66":{"start":{"line":153,"column":8},"end":{"line":153,"column":32}},"67":{"start":{"line":154,"column":8},"end":{"line":154,"column":31}},"68":{"start":{"line":156,"column":28},"end":{"line":160,"column":5}},"69":{"start":{"line":157,"column":20},"end":{"line":157,"column":43}},"70":{"start":{"line":158,"column":8},"end":{"line":158,"column":33}},"71":{"start":{"line":159,"column":8},"end":{"line":159,"column":32}},"72":{"start":{"line":162,"column":37},"end":{"line":175,"column":5}},"73":{"start":{"line":163,"column":24},"end":{"line":163,"column":69}},"74":{"start":{"line":163,"column":48},"end":{"line":163,"column":68}},"75":{"start":{"line":164,"column":8},"end":{"line":164,"column":35}},"76":{"start":{"line":165,"column":8},"end":{"line":174,"column":9}},"77":{"start":{"line":169,"column":12},"end":{"line":173,"column":14}},"78":{"start":{"line":177,"column":40},"end":{"line":187,"column":5}},"79":{"start":{"line":178,"column":24},"end":{"line":178,"column":69}},"80":{"start":{"line":178,"column":48},"end":{"line":178,"column":68}},"81":{"start":{"line":179,"column":8},"end":{"line":179,"column":38}},"82":{"start":{"line":180,"column":8},"end":{"line":186,"column":9}},"83":{"start":{"line":181,"column":12},"end":{"line":185,"column":14}},"84":{"start":{"line":189,"column":24},"end":{"line":207,"column":5}},"85":{"start":{"line":191,"column":25},"end":{"line":191,"column":43}},"86":{"start":{"line":192,"column":8},"end":{"line":206,"column":11}},"87":{"start":{"line":193,"column":12},"end":{"line":205,"column":14}},"88":{"start":{"line":198,"column":28},"end":{"line":198,"column":60}},"89":{"start":{"line":203,"column":28},"end":{"line":203,"column":75}},"90":{"start":{"line":209,"column":27},"end":{"line":257,"column":5}},"91":{"start":{"line":211,"column":29},"end":{"line":211,"column":31}},"92":{"start":{"line":212,"column":29},"end":{"line":212,"column":31}},"93":{"start":{"line":213,"column":12},"end":{"line":238,"column":13}},"94":{"start":{"line":214,"column":24},"end":{"line":214,"column":62}},"95":{"start":{"line":220,"column":16},"end":{"line":237,"column":17}},"96":{"start":{"line":221,"column":20},"end":{"line":221,"column":39}},"97":{"start":{"line":222,"column":30},"end":{"line":224,"column":41}},"98":{"start":{"line":225,"column":20},"end":{"line":236,"column":21}},"99":{"start":{"line":226,"column":24},"end":{"line":234,"column":26}},"100":{"start":{"line":235,"column":24},"end":{"line":235,"column":45}},"101":{"start":{"line":239,"column":12},"end":{"line":254,"column":15}},"102":{"start":{"line":240,"column":16},"end":{"line":251,"column":19}},"103":{"start":{"line":241,"column":20},"end":{"line":250,"column":23}},"104":{"start":{"line":242,"column":42},"end":{"line":246,"column":25}},"105":{"start":{"line":244,"column":32},"end":{"line":245,"column":63}},"106":{"start":{"line":247,"column":24},"end":{"line":249,"column":25}},"107":{"start":{"line":248,"column":28},"end":{"line":248,"column":64}},"108":{"start":{"line":252,"column":16},"end":{"line":252,"column":36}},"109":{"start":{"line":253,"column":16},"end":{"line":253,"column":35}},"110":{"start":{"line":259,"column":4},"end":{"line":274,"column":7}},"111":{"start":{"line":260,"column":23},"end":{"line":264,"column":9}},"112":{"start":{"line":265,"column":8},"end":{"line":265,"column":19}},"113":{"start":{"line":266,"column":8},"end":{"line":266,"column":25}},"114":{"start":{"line":267,"column":8},"end":{"line":267,"column":49}},"115":{"start":{"line":276,"column":26},"end":{"line":279,"column":5}},"116":{"start":{"line":277,"column":20},"end":{"line":277,"column":43}},"117":{"start":{"line":278,"column":8},"end":{"line":278,"column":57}},"118":{"start":{"line":281,"column":25},"end":{"line":284,"column":5}},"119":{"start":{"line":282,"column":20},"end":{"line":282,"column":43}},"120":{"start":{"line":283,"column":8},"end":{"line":283,"column":62}},"121":{"start":{"line":286,"column":25},"end":{"line":289,"column":5}},"122":{"start":{"line":287,"column":20},"end":{"line":287,"column":43}},"123":{"start":{"line":288,"column":8},"end":{"line":288,"column":67}},"124":{"start":{"line":291,"column":4},"end":{"line":305,"column":50}},"125":{"start":{"line":292,"column":8},"end":{"line":298,"column":9}},"126":{"start":{"line":293,"column":43},"end":{"line":296,"column":13}},"127":{"start":{"line":297,"column":12},"end":{"line":297,"column":60}},"128":{"start":{"line":301,"column":8},"end":{"line":304,"column":10}},"129":{"start":{"line":302,"column":12},"end":{"line":302,"column":76}},"130":{"start":{"line":303,"column":12},"end":{"line":303,"column":36}},"131":{"start":{"line":307,"column":4},"end":{"line":397,"column":6}},"132":{"start":{"line":360,"column":36},"end":{"line":368,"column":38}}},"fnMap":{"0":{"name":"(anonymous_0)","decl":{"start":{"line":38,"column":23},"end":{"line":38,"column":24}},"loc":{"start":{"line":38,"column":70},"end":{"line":51,"column":1}},"line":38},"1":{"name":"(anonymous_1)","decl":{"start":{"line":53,"column":23},"end":{"line":53,"column":24}},"loc":{"start":{"line":53,"column":74},"end":{"line":398,"column":1}},"line":53},"2":{"name":"(anonymous_2)","decl":{"start":{"line":72,"column":14},"end":{"line":72,"column":15}},"loc":{"start":{"line":72,"column":20},"end":{"line":85,"column":5}},"line":72},"3":{"name":"getTimestampFilter","decl":{"start":{"line":73,"column":23},"end":{"line":73,"column":41}},"loc":{"start":{"line":73,"column":44},"end":{"line":83,"column":9}},"line":73},"4":{"name":"(anonymous_4)","decl":{"start":{"line":75,"column":22},"end":{"line":75,"column":23}},"loc":{"start":{"line":75,"column":31},"end":{"line":77,"column":17}},"line":75},"5":{"name":"(anonymous_5)","decl":{"start":{"line":78,"column":22},"end":{"line":78,"column":23}},"loc":{"start":{"line":78,"column":31},"end":{"line":80,"column":17}},"line":78},"6":{"name":"(anonymous_6)","decl":{"start":{"line":88,"column":8},"end":{"line":88,"column":9}},"loc":{"start":{"line":88,"column":25},"end":{"line":100,"column":9}},"line":88},"7":{"name":"(anonymous_7)","decl":{"start":{"line":92,"column":16},"end":{"line":92,"column":17}},"loc":{"start":{"line":93,"column":20},"end":{"line":94,"column":53}},"line":93},"8":{"name":"(anonymous_8)","decl":{"start":{"line":104,"column":40},"end":{"line":104,"column":41}},"loc":{"start":{"line":104,"column":46},"end":{"line":111,"column":5}},"line":104},"9":{"name":"(anonymous_9)","decl":{"start":{"line":113,"column":29},"end":{"line":113,"column":30}},"loc":{"start":{"line":113,"column":50},"end":{"line":116,"column":5}},"line":113},"10":{"name":"(anonymous_10)","decl":{"start":{"line":118,"column":36},"end":{"line":118,"column":37}},"loc":{"start":{"line":118,"column":47},"end":{"line":122,"column":5}},"line":118},"11":{"name":"(anonymous_11)","decl":{"start":{"line":124,"column":28},"end":{"line":124,"column":29}},"loc":{"start":{"line":124,"column":38},"end":{"line":141,"column":5}},"line":124},"12":{"name":"(anonymous_12)","decl":{"start":{"line":126,"column":12},"end":{"line":126,"column":13}},"loc":{"start":{"line":126,"column":25},"end":{"line":126,"column":61}},"line":126},"13":{"name":"(anonymous_13)","decl":{"start":{"line":136,"column":19},"end":{"line":136,"column":20}},"loc":{"start":{"line":136,"column":28},"end":{"line":139,"column":13}},"line":136},"14":{"name":"(anonymous_14)","decl":{"start":{"line":143,"column":29},"end":{"line":143,"column":30}},"loc":{"start":{"line":143,"column":35},"end":{"line":147,"column":5}},"line":143},"15":{"name":"(anonymous_15)","decl":{"start":{"line":149,"column":27},"end":{"line":149,"column":28}},"loc":{"start":{"line":149,"column":37},"end":{"line":155,"column":5}},"line":149},"16":{"name":"(anonymous_16)","decl":{"start":{"line":151,"column":12},"end":{"line":151,"column":13}},"loc":{"start":{"line":151,"column":25},"end":{"line":151,"column":61}},"line":151},"17":{"name":"(anonymous_17)","decl":{"start":{"line":156,"column":28},"end":{"line":156,"column":29}},"loc":{"start":{"line":156,"column":34},"end":{"line":160,"column":5}},"line":156},"18":{"name":"(anonymous_18)","decl":{"start":{"line":162,"column":37},"end":{"line":162,"column":38}},"loc":{"start":{"line":162,"column":50},"end":{"line":175,"column":5}},"line":162},"19":{"name":"(anonymous_19)","decl":{"start":{"line":163,"column":36},"end":{"line":163,"column":37}},"loc":{"start":{"line":163,"column":48},"end":{"line":163,"column":68}},"line":163},"20":{"name":"(anonymous_20)","decl":{"start":{"line":177,"column":40},"end":{"line":177,"column":41}},"loc":{"start":{"line":177,"column":53},"end":{"line":187,"column":5}},"line":177},"21":{"name":"(anonymous_21)","decl":{"start":{"line":178,"column":36},"end":{"line":178,"column":37}},"loc":{"start":{"line":178,"column":48},"end":{"line":178,"column":68}},"line":178},"22":{"name":"(anonymous_22)","decl":{"start":{"line":189,"column":24},"end":{"line":189,"column":25}},"loc":{"start":{"line":189,"column":73},"end":{"line":207,"column":5}},"line":189},"23":{"name":"(anonymous_23)","decl":{"start":{"line":192,"column":28},"end":{"line":192,"column":29}},"loc":{"start":{"line":192,"column":38},"end":{"line":206,"column":9}},"line":192},"24":{"name":"(anonymous_24)","decl":{"start":{"line":197,"column":49},"end":{"line":197,"column":50}},"loc":{"start":{"line":198,"column":28},"end":{"line":198,"column":60}},"line":198},"25":{"name":"(anonymous_25)","decl":{"start":{"line":202,"column":52},"end":{"line":202,"column":53}},"loc":{"start":{"line":203,"column":28},"end":{"line":203,"column":75}},"line":203},"26":{"name":"(anonymous_26)","decl":{"start":{"line":210,"column":8},"end":{"line":210,"column":9}},"loc":{"start":{"line":210,"column":61},"end":{"line":255,"column":9}},"line":210},"27":{"name":"(anonymous_27)","decl":{"start":{"line":239,"column":41},"end":{"line":239,"column":42}},"loc":{"start":{"line":239,"column":53},"end":{"line":254,"column":13}},"line":239},"28":{"name":"(anonymous_28)","decl":{"start":{"line":240,"column":31},"end":{"line":240,"column":32}},"loc":{"start":{"line":240,"column":46},"end":{"line":251,"column":17}},"line":240},"29":{"name":"(anonymous_29)","decl":{"start":{"line":241,"column":38},"end":{"line":241,"column":39}},"loc":{"start":{"line":241,"column":46},"end":{"line":250,"column":21}},"line":241},"30":{"name":"(anonymous_30)","decl":{"start":{"line":243,"column":28},"end":{"line":243,"column":29}},"loc":{"start":{"line":244,"column":32},"end":{"line":245,"column":63}},"line":244},"31":{"name":"(anonymous_31)","decl":{"start":{"line":259,"column":14},"end":{"line":259,"column":15}},"loc":{"start":{"line":259,"column":20},"end":{"line":268,"column":5}},"line":259},"32":{"name":"(anonymous_32)","decl":{"start":{"line":276,"column":26},"end":{"line":276,"column":27}},"loc":{"start":{"line":276,"column":32},"end":{"line":279,"column":5}},"line":276},"33":{"name":"(anonymous_33)","decl":{"start":{"line":281,"column":25},"end":{"line":281,"column":26}},"loc":{"start":{"line":281,"column":36},"end":{"line":284,"column":5}},"line":281},"34":{"name":"(anonymous_34)","decl":{"start":{"line":286,"column":25},"end":{"line":286,"column":26}},"loc":{"start":{"line":286,"column":31},"end":{"line":289,"column":5}},"line":286},"35":{"name":"(anonymous_35)","decl":{"start":{"line":291,"column":14},"end":{"line":291,"column":15}},"loc":{"start":{"line":291,"column":20},"end":{"line":305,"column":5}},"line":291},"36":{"name":"(anonymous_36)","decl":{"start":{"line":301,"column":15},"end":{"line":301,"column":16}},"loc":{"start":{"line":301,"column":21},"end":{"line":304,"column":9}},"line":301},"37":{"name":"(anonymous_37)","decl":{"start":{"line":359,"column":37},"end":{"line":359,"column":38}},"loc":{"start":{"line":360,"column":36},"end":{"line":368,"column":38}},"line":360}},"branchMap":{"0":{"loc":{"start":{"line":93,"column":20},"end":{"line":94,"column":53}},"type":"binary-expr","locations":[{"start":{"line":93,"column":20},"end":{"line":93,"column":65}},{"start":{"line":94,"column":20},"end":{"line":94,"column":53}}],"line":93},"1":{"loc":{"start":{"line":96,"column":12},"end":{"line":99,"column":13}},"type":"if","locations":[{"start":{"line":96,"column":12},"end":{"line":99,"column":13}},{"start":{},"end":{}}],"line":96},"2":{"loc":{"start":{"line":131,"column":8},"end":{"line":140,"column":9}},"type":"if","locations":[{"start":{"line":131,"column":8},"end":{"line":140,"column":9}},{"start":{},"end":{}}],"line":131},"3":{"loc":{"start":{"line":165,"column":8},"end":{"line":174,"column":9}},"type":"if","locations":[{"start":{"line":165,"column":8},"end":{"line":174,"column":9}},{"start":{},"end":{}}],"line":165},"4":{"loc":{"start":{"line":180,"column":8},"end":{"line":186,"column":9}},"type":"if","locations":[{"start":{"line":180,"column":8},"end":{"line":186,"column":9}},{"start":{},"end":{}}],"line":180},"5":{"loc":{"start":{"line":194,"column":16},"end":{"line":204,"column":27}},"type":"binary-expr","locations":[{"start":{"line":194,"column":16},"end":{"line":194,"column":29}},{"start":{"line":195,"column":17},"end":{"line":195,"column":49}},{"start":{"line":196,"column":21},"end":{"line":196,"column":51}},{"start":{"line":197,"column":24},"end":{"line":199,"column":25}},{"start":{"line":200,"column":17},"end":{"line":200,"column":52}},{"start":{"line":201,"column":21},"end":{"line":201,"column":54}},{"start":{"line":202,"column":24},"end":{"line":204,"column":25}}],"line":194},"6":{"loc":{"start":{"line":215,"column":16},"end":{"line":217,"column":68}},"type":"binary-expr","locations":[{"start":{"line":215,"column":16},"end":{"line":217,"column":45}},{"start":{"line":217,"column":49},"end":{"line":217,"column":68}}],"line":215},"7":{"loc":{"start":{"line":220,"column":16},"end":{"line":237,"column":17}},"type":"if","locations":[{"start":{"line":220,"column":16},"end":{"line":237,"column":17}},{"start":{},"end":{}}],"line":220},"8":{"loc":{"start":{"line":225,"column":20},"end":{"line":236,"column":21}},"type":"if","locations":[{"start":{"line":225,"column":20},"end":{"line":236,"column":21}},{"start":{},"end":{}}],"line":225},"9":{"loc":{"start":{"line":244,"column":32},"end":{"line":245,"column":63}},"type":"binary-expr","locations":[{"start":{"line":244,"column":32},"end":{"line":244,"column":75}},{"start":{"line":245,"column":32},"end":{"line":245,"column":63}}],"line":244},"10":{"loc":{"start":{"line":247,"column":24},"end":{"line":249,"column":25}},"type":"if","locations":[{"start":{"line":247,"column":24},"end":{"line":249,"column":25}},{"start":{},"end":{}}],"line":247},"11":{"loc":{"start":{"line":278,"column":15},"end":{"line":278,"column":56}},"type":"cond-expr","locations":[{"start":{"line":278,"column":28},"end":{"line":278,"column":51}},{"start":{"line":278,"column":54},"end":{"line":278,"column":56}}],"line":278},"12":{"loc":{"start":{"line":283,"column":15},"end":{"line":283,"column":61}},"type":"cond-expr","locations":[{"start":{"line":283,"column":28},"end":{"line":283,"column":56}},{"start":{"line":283,"column":59},"end":{"line":283,"column":61}}],"line":283},"13":{"loc":{"start":{"line":288,"column":15},"end":{"line":288,"column":66}},"type":"cond-expr","locations":[{"start":{"line":288,"column":28},"end":{"line":288,"column":59}},{"start":{"line":288,"column":62},"end":{"line":288,"column":66}}],"line":288},"14":{"loc":{"start":{"line":292,"column":8},"end":{"line":298,"column":9}},"type":"if","locations":[{"start":{"line":292,"column":8},"end":{"line":298,"column":9}},{"start":{},"end":{}}],"line":292},"15":{"loc":{"start":{"line":346,"column":25},"end":{"line":352,"column":25}},"type":"binary-expr","locations":[{"start":{"line":346,"column":25},"end":{"line":346,"column":34}},{"start":{"line":347,"column":28},"end":{"line":351,"column":39}}],"line":346},"16":{"loc":{"start":{"line":353,"column":25},"end":{"line":369,"column":34}},"type":"binary-expr","locations":[{"start":{"line":353,"column":25},"end":{"line":353,"column":35}},{"start":{"line":354,"column":28},"end":{"line":369,"column":34}}],"line":353},"17":{"loc":{"start":{"line":392,"column":24},"end":{"line":392,"column":52}},"type":"binary-expr","locations":[{"start":{"line":392,"column":24},"end":{"line":392,"column":46}},{"start":{"line":392,"column":50},"end":{"line":392,"column":52}}],"line":392},"18":{"loc":{"start":{"line":393,"column":25},"end":{"line":393,"column":54}},"type":"binary-expr","locations":[{"start":{"line":393,"column":25},"end":{"line":393,"column":48}},{"start":{"line":393,"column":52},"end":{"line":393,"column":54}}],"line":393}},"s":{"0":1,"1":0,"2":0,"3":0,"4":0,"5":0,"6":0,"7":0,"8":0,"9":0,"10":1,"11":0,"12":0,"13":0,"14":0,"15":0,"16":0,"17":0,"18":0,"19":0,"20":0,"21":0,"22":0,"23":0,"24":0,"25":0,"26":0,"27":0,"28":0,"29":0,"30":0,"31":0,"32":0,"33":0,"34":0,"35":0,"36":0,"37":0,"38":0,"39":0,"40":0,"41":0,"42":0,"43":0,"44":0,"45":0,"46":0,"47":0,"48":0,"49":0,"50":0,"51":0,"52":0,"53":0,"54":0,"55":0,"56":0,"57":0,"58":0,"59":0,"60":0,"61":0,"62":0,"63":0,"64":0,"65":0,"66":0,"67":0,"68":0,"69":0,"70":0,"71":0,"72":0,"73":0,"74":0,"75":0,"76":0,"77":0,"78":0,"79":0,"80":0,"81":0,"82":0,"83":0,"84":0,"85":0,"86":0,"87":0,"88":0,"89":0,"90":0,"91":0,"92":0,"93":0,"94":0,"95":0,"96":0,"97":0,"98":0,"99":0,"100":0,"101":0,"102":0,"103":0,"104":0,"105":0,"106":0,"107":0,"108":0,"109":0,"110":0,"111":0,"112":0,"113":0,"114":0,"115":0,"116":0,"117":0,"118":0,"119":0,"120":0,"121":0,"122":0,"123":0,"124":0,"125":0,"126":0,"127":0,"128":0,"129":0,"130":0,"131":0,"132":0},"f":{"0":0,"1":0,"2":0,"3":0,"4":0,"5":0,"6":0,"7":0,"8":0,"9":0,"10":0,"11":0,"12":0,"13":0,"14":0,"15":0,"16":0,"17":0,"18":0,"19":0,"20":0,"21":0,"22":0,"23":0,"24":0,"25":0,"26":0,"27":0,"28":0,"29":0,"30":0,"31":0,"32":0,"33":0,"34":0,"35":0,"36":0,"37":0},"b":{"0":[0,0],"1":[0,0],"2":[0,0],"3":[0,0],"4":[0,0],"5":[0,0,0,0,0,0,0],"6":[0,0],"7":[0,0],"8":[0,0],"9":[0,0],"10":[0,0],"11":[0,0],"12":[0,0],"13":[0,0],"14":[0,0],"15":[0,0],"16":[0,0],"17":[0,0],"18":[0,0]},"_coverageSchema":"1a1c01bbd47fc00a2c39e90264f33305004495a9","hash":"0742cb4f37bbbca204f472e826f16bee0029a91d"}
,"/home/limouzinant/GridCapa/gridcapa-app/src/components/gridcapa-logo-text.jsx": {"path":"/home/limouzinant/GridCapa/gridcapa-app/src/components/gridcapa-logo-text.jsx","statementMap":{"0":{"start":{"line":5,"column":18},"end":{"line":5,"column":28}},"1":{"start":{"line":7,"column":4},"end":{"line":12,"column":6}}},"fnMap":{"0":{"name":"GridcapaLogoText","decl":{"start":{"line":4,"column":9},"end":{"line":4,"column":25}},"loc":{"start":{"line":4,"column":28},"end":{"line":13,"column":1}},"line":4}},"branchMap":{},"s":{"0":1,"1":1},"f":{"0":1},"b":{},"_coverageSchema":"1a1c01bbd47fc00a2c39e90264f33305004495a9","hash":"fd95ba56e0c55cc1d4dc78c96ae4fb58d3269dbc"}
,"/home/limouzinant/GridCapa/gridcapa-app/src/components/gridcapa-main.jsx": {"path":"/home/limouzinant/GridCapa/gridcapa-app/src/components/gridcapa-main.jsx","statementMap":{"0":{"start":{"line":27,"column":37},"end":{"line":27,"column":48}},"1":{"start":{"line":28,"column":21},"end":{"line":28,"column":34}},"2":{"start":{"line":30,"column":42},"end":{"line":30,"column":56}},"3":{"start":{"line":32,"column":4},"end":{"line":65,"column":7}},"4":{"start":{"line":33,"column":8},"end":{"line":55,"column":9}},"5":{"start":{"line":34,"column":12},"end":{"line":34,"column":56}},"6":{"start":{"line":35,"column":12},"end":{"line":54,"column":19}},"7":{"start":{"line":36,"column":31},"end":{"line":36,"column":41}},"8":{"start":{"line":38,"column":20},"end":{"line":38,"column":52}},"9":{"start":{"line":40,"column":43},"end":{"line":44,"column":21}},"10":{"start":{"line":45,"column":20},"end":{"line":45,"column":49}},"11":{"start":{"line":48,"column":24},"end":{"line":50,"column":77}},"12":{"start":{"line":51,"column":20},"end":{"line":51,"column":43}},"13":{"start":{"line":53,"column":20},"end":{"line":53,"column":73}},"14":{"start":{"line":67,"column":4},"end":{"line":92,"column":6}},"15":{"start":{"line":95,"column":0},"end":{"line":102,"column":2}}},"fnMap":{"0":{"name":"GridCapaMain","decl":{"start":{"line":19,"column":9},"end":{"line":19,"column":21}},"loc":{"start":{"line":26,"column":3},"end":{"line":93,"column":1}},"line":26},"1":{"name":"(anonymous_1)","decl":{"start":{"line":32,"column":14},"end":{"line":32,"column":15}},"loc":{"start":{"line":32,"column":20},"end":{"line":56,"column":5}},"line":32},"2":{"name":"(anonymous_2)","decl":{"start":{"line":36,"column":22},"end":{"line":36,"column":23}},"loc":{"start":{"line":36,"column":31},"end":{"line":36,"column":41}},"line":36},"3":{"name":"(anonymous_3)","decl":{"start":{"line":37,"column":22},"end":{"line":37,"column":23}},"loc":{"start":{"line":37,"column":31},"end":{"line":54,"column":17}},"line":37}},"branchMap":{"0":{"loc":{"start":{"line":33,"column":8},"end":{"line":55,"column":9}},"type":"if","locations":[{"start":{"line":33,"column":8},"end":{"line":55,"column":9}},{"start":{},"end":{}}],"line":33},"1":{"loc":{"start":{"line":48,"column":24},"end":{"line":50,"column":77}},"type":"cond-expr","locations":[{"start":{"line":49,"column":30},"end":{"line":49,"column":54}},{"start":{"line":50,"column":30},"end":{"line":50,"column":77}}],"line":48},"2":{"loc":{"start":{"line":53,"column":41},"end":{"line":53,"column":71}},"type":"binary-expr","locations":[{"start":{"line":53,"column":41},"end":{"line":53,"column":62}},{"start":{"line":53,"column":66},"end":{"line":53,"column":71}}],"line":53},"3":{"loc":{"start":{"line":68,"column":8},"end":{"line":91,"column":9}},"type":"binary-expr","locations":[{"start":{"line":68,"column":8},"end":{"line":68,"column":17}},{"start":{"line":69,"column":12},"end":{"line":90,"column":15}}],"line":68}},"s":{"0":0,"1":0,"2":0,"3":0,"4":0,"5":0,"6":0,"7":0,"8":0,"9":0,"10":0,"11":0,"12":0,"13":0,"14":0,"15":1},"f":{"0":0,"1":0,"2":0,"3":0},"b":{"0":[0,0],"1":[0,0],"2":[0,0],"3":[0,0]},"_coverageSchema":"1a1c01bbd47fc00a2c39e90264f33305004495a9","hash":"d0bb7e7dc32e0ae876ca0a86cd115436c21383cd"}
,"/home/limouzinant/GridCapa/gridcapa-app/src/components/manual-export-button.jsx": {"path":"/home/limouzinant/GridCapa/gridcapa-app/src/components/manual-export-button.jsx","statementMap":{"0":{"start":{"line":21,"column":4},"end":{"line":21,"column":62}},"1":{"start":{"line":24,"column":14},"end":{"line":29,"column":1}},"2":{"start":{"line":32,"column":36},"end":{"line":32,"column":51}},"3":{"start":{"line":33,"column":28},"end":{"line":33,"column":43}},"4":{"start":{"line":35,"column":28},"end":{"line":37,"column":5}},"5":{"start":{"line":36,"column":8},"end":{"line":36,"column":22}},"6":{"start":{"line":39,"column":24},"end":{"line":41,"column":5}},"7":{"start":{"line":40,"column":8},"end":{"line":40,"column":23}},"8":{"start":{"line":43,"column":29},"end":{"line":51,"column":5}},"9":{"start":{"line":45,"column":12},"end":{"line":45,"column":30}},"10":{"start":{"line":46,"column":12},"end":{"line":46,"column":26}},"11":{"start":{"line":47,"column":12},"end":{"line":47,"column":58}},"12":{"start":{"line":48,"column":12},"end":{"line":48,"column":31}},"13":{"start":{"line":53,"column":4},"end":{"line":90,"column":6}}},"fnMap":{"0":{"name":"isDisabled","decl":{"start":{"line":20,"column":9},"end":{"line":20,"column":19}},"loc":{"start":{"line":20,"column":32},"end":{"line":22,"column":1}},"line":20},"1":{"name":"ManualExportButton","decl":{"start":{"line":31,"column":16},"end":{"line":31,"column":34}},"loc":{"start":{"line":31,"column":58},"end":{"line":91,"column":1}},"line":31},"2":{"name":"(anonymous_2)","decl":{"start":{"line":35,"column":28},"end":{"line":35,"column":29}},"loc":{"start":{"line":35,"column":34},"end":{"line":37,"column":5}},"line":35},"3":{"name":"(anonymous_3)","decl":{"start":{"line":39,"column":24},"end":{"line":39,"column":25}},"loc":{"start":{"line":39,"column":30},"end":{"line":41,"column":5}},"line":39},"4":{"name":"(anonymous_4)","decl":{"start":{"line":44,"column":8},"end":{"line":44,"column":9}},"loc":{"start":{"line":44,"column":26},"end":{"line":49,"column":9}},"line":44}},"branchMap":{"0":{"loc":{"start":{"line":21,"column":11},"end":{"line":21,"column":61}},"type":"binary-expr","locations":[{"start":{"line":21,"column":11},"end":{"line":21,"column":35}},{"start":{"line":21,"column":39},"end":{"line":21,"column":61}}],"line":21},"1":{"loc":{"start":{"line":60,"column":26},"end":{"line":60,"column":56}},"type":"binary-expr","locations":[{"start":{"line":60,"column":26},"end":{"line":60,"column":34}},{"start":{"line":60,"column":38},"end":{"line":60,"column":56}}],"line":60}},"s":{"0":0,"1":1,"2":0,"3":0,"4":0,"5":0,"6":0,"7":0,"8":0,"9":0,"10":0,"11":0,"12":0,"13":0},"f":{"0":0,"1":0,"2":0,"3":0,"4":0},"b":{"0":[0,0],"1":[0,0]},"_coverageSchema":"1a1c01bbd47fc00a2c39e90264f33305004495a9","hash":"cc93adb8811b43aa884444fd615911929d9dfd04"}
,"/home/limouzinant/GridCapa/gridcapa-app/src/components/minio-disk-usage.jsx": {"path":"/home/limouzinant/GridCapa/gridcapa-app/src/components/minio-disk-usage.jsx","statementMap":{"0":{"start":{"line":14,"column":15},"end":{"line":18,"column":1}},"1":{"start":{"line":21,"column":66},"end":{"line":21,"column":77}},"2":{"start":{"line":23,"column":4},"end":{"line":39,"column":11}},"3":{"start":{"line":24,"column":8},"end":{"line":38,"column":11}},"4":{"start":{"line":25,"column":32},"end":{"line":25,"column":33}},"5":{"start":{"line":26,"column":32},"end":{"line":26,"column":33}},"6":{"start":{"line":27,"column":12},"end":{"line":32,"column":15}},"7":{"start":{"line":28,"column":16},"end":{"line":31,"column":19}},"8":{"start":{"line":29,"column":20},"end":{"line":29,"column":68}},"9":{"start":{"line":30,"column":20},"end":{"line":30,"column":69}},"10":{"start":{"line":33,"column":12},"end":{"line":37,"column":14}},"11":{"start":{"line":41,"column":4},"end":{"line":51,"column":6}}},"fnMap":{"0":{"name":"MinioDiskUsage","decl":{"start":{"line":20,"column":9},"end":{"line":20,"column":23}},"loc":{"start":{"line":20,"column":26},"end":{"line":52,"column":1}},"line":20},"1":{"name":"(anonymous_1)","decl":{"start":{"line":23,"column":14},"end":{"line":23,"column":15}},"loc":{"start":{"line":23,"column":20},"end":{"line":39,"column":5}},"line":23},"2":{"name":"(anonymous_2)","decl":{"start":{"line":24,"column":37},"end":{"line":24,"column":38}},"loc":{"start":{"line":24,"column":46},"end":{"line":38,"column":9}},"line":24},"3":{"name":"(anonymous_3)","decl":{"start":{"line":27,"column":39},"end":{"line":27,"column":40}},"loc":{"start":{"line":27,"column":51},"end":{"line":32,"column":13}},"line":27},"4":{"name":"(anonymous_4)","decl":{"start":{"line":28,"column":38},"end":{"line":28,"column":39}},"loc":{"start":{"line":28,"column":49},"end":{"line":31,"column":17}},"line":28}},"branchMap":{},"s":{"0":2,"1":2,"2":2,"3":1,"4":1,"5":1,"6":1,"7":2,"8":3,"9":3,"10":1,"11":2},"f":{"0":2,"1":1,"2":1,"3":2,"4":3},"b":{},"_coverageSchema":"1a1c01bbd47fc00a2c39e90264f33305004495a9","hash":"df5705567add3e511fc5687cc614a60de360fcac"}
,"/home/limouzinant/GridCapa/gridcapa-app/src/components/overview-table.jsx": {"path":"/home/limouzinant/GridCapa/gridcapa-app/src/components/overview-table.jsx","statementMap":{"0":{"start":{"line":28,"column":25},"end":{"line":28,"column":32}},"1":{"start":{"line":29,"column":26},"end":{"line":29,"column":34}},"2":{"start":{"line":30,"column":22},"end":{"line":33,"column":1}},"3":{"start":{"line":34,"column":32},"end":{"line":43,"column":1}},"4":{"start":{"line":47,"column":4},"end":{"line":72,"column":6}},"5":{"start":{"line":81,"column":4},"end":{"line":93,"column":6}},"6":{"start":{"line":84,"column":16},"end":{"line":90,"column":18}},"7":{"start":{"line":102,"column":4},"end":{"line":112,"column":6}},"8":{"start":{"line":115,"column":28},"end":{"line":115,"column":43}},"9":{"start":{"line":116,"column":19},"end":{"line":116,"column":39}},"10":{"start":{"line":117,"column":26},"end":{"line":117,"column":46}},"11":{"start":{"line":118,"column":50},"end":{"line":118,"column":62}},"12":{"start":{"line":119,"column":28},"end":{"line":119,"column":57}},"13":{"start":{"line":120,"column":31},"end":{"line":122,"column":5}},"14":{"start":{"line":123,"column":28},"end":{"line":126,"column":5}},"15":{"start":{"line":124,"column":8},"end":{"line":124,"column":22}},"16":{"start":{"line":125,"column":8},"end":{"line":125,"column":48}},"17":{"start":{"line":128,"column":24},"end":{"line":131,"column":5}},"18":{"start":{"line":129,"column":8},"end":{"line":129,"column":23}},"19":{"start":{"line":130,"column":8},"end":{"line":130,"column":32}},"20":{"start":{"line":133,"column":23},"end":{"line":136,"column":5}},"21":{"start":{"line":134,"column":8},"end":{"line":134,"column":80}},"22":{"start":{"line":135,"column":8},"end":{"line":135,"column":22}},"23":{"start":{"line":139,"column":4},"end":{"line":212,"column":6}},"24":{"start":{"line":166,"column":40},"end":{"line":167,"column":74}},"25":{"start":{"line":170,"column":36},"end":{"line":172,"column":47}},"26":{"start":{"line":215,"column":22},"end":{"line":233,"column":1}},"27":{"start":{"line":216,"column":4},"end":{"line":232,"column":6}}},"fnMap":{"0":{"name":"FileGroupTableHead","decl":{"start":{"line":45,"column":9},"end":{"line":45,"column":27}},"loc":{"start":{"line":45,"column":43},"end":{"line":73,"column":1}},"line":45},"1":{"name":"FileGroupTableRows","decl":{"start":{"line":75,"column":9},"end":{"line":75,"column":27}},"loc":{"start":{"line":80,"column":3},"end":{"line":94,"column":1}},"line":80},"2":{"name":"(anonymous_2)","decl":{"start":{"line":83,"column":30},"end":{"line":83,"column":31}},"loc":{"start":{"line":84,"column":16},"end":{"line":90,"column":18}},"line":84},"3":{"name":"FileGroupTable","decl":{"start":{"line":96,"column":9},"end":{"line":96,"column":23}},"loc":{"start":{"line":101,"column":3},"end":{"line":113,"column":
[...]
:113,"column":16},"end":{"line":113,"column":36}},"loc":{"start":{"line":118,"column":2},"end":{"line":139,"column":1}},"line":118},"22":{"name":"(anonymous_22)","decl":{"start":{"line":124,"column":14},"end":{"line":124,"column":15}},"loc":{"start":{"line":125,"column":12},"end":{"line":127,"column":70}},"line":125},"23":{"name":"(anonymous_23)","decl":{"start":{"line":127,"column":39},"end":{"line":127,"column":40}},"loc":{"start":{"line":127,"column":49},"end":{"line":127,"column":69}},"line":127},"24":{"name":"(anonymous_24)","decl":{"start":{"line":129,"column":15},"end":{"line":129,"column":16}},"loc":{"start":{"line":130,"column":12},"end":{"line":137,"column":14}},"line":130},"25":{"name":"fetchBusinessDateData","decl":{"start":{"line":141,"column":16},"end":{"line":141,"column":37}},"loc":{"start":{"line":141,"column":78},"end":{"line":165,"column":1}},"line":141},"26":{"name":"(anonymous_26)","decl":{"start":{"line":150,"column":14},"end":{"line":150,"column":15}},"loc":{"start":{"line":151,"column":12},"end":{"line":153,"column":70}},"line":151},"27":{"name":"(anonymous_27)","decl":{"start":{"line":153,"column":39},"end":{"line":153,"column":40}},"loc":{"start":{"line":153,"column":49},"end":{"line":153,"column":69}},"line":153},"28":{"name":"(anonymous_28)","decl":{"start":{"line":155,"column":15},"end":{"line":155,"column":16}},"loc":{"start":{"line":156,"column":12},"end":{"line":163,"column":14}},"line":156},"29":{"name":"fetchRunningTasksData","decl":{"start":{"line":167,"column":16},"end":{"line":167,"column":37}},"loc":{"start":{"line":167,"column":64},"end":{"line":190,"column":1}},"line":167},"30":{"name":"(anonymous_30)","decl":{"start":{"line":172,"column":14},"end":{"line":172,"column":15}},"loc":{"start":{"line":173,"column":12},"end":{"line":175,"column":70}},"line":173},"31":{"name":"(anonymous_31)","decl":{"start":{"line":175,"column":39},"end":{"line":175,"column":40}},"loc":{"start":{"line":175,"column":49},"end":{"line":175,"column":69}},"line":175},"32":{"name":"(anonymous_32)","decl":{"start":{"line":177,"column":14},"end":{"line":177,"column":15}},"loc":{"start":{"line":177,"column":26},"end":{"line":179,"column":9}},"line":177},"33":{"name":"(anonymous_33)","decl":{"start":{"line":180,"column":15},"end":{"line":180,"column":16}},"loc":{"start":{"line":181,"column":12},"end":{"line":188,"column":14}},"line":181},"34":{"name":"fetchConfigParameters","decl":{"start":{"line":192,"column":16},"end":{"line":192,"column":37}},"loc":{"start":{"line":192,"column":47},"end":{"line":203,"column":1}},"line":192},"35":{"name":"(anonymous_35)","decl":{"start":{"line":198,"column":42},"end":{"line":198,"column":43}},"loc":{"start":{"line":199,"column":8},"end":{"line":201,"column":66}},"line":199},"36":{"name":"(anonymous_36)","decl":{"start":{"line":201,"column":35},"end":{"line":201,"column":36}},"loc":{"start":{"line":201,"column":45},"end":{"line":201,"column":65}},"line":201},"37":{"name":"fetchConfigParameter","decl":{"start":{"line":205,"column":16},"end":{"line":205,"column":36}},"loc":{"start":{"line":205,"column":43},"end":{"line":221,"column":1}},"line":205},"38":{"name":"(anonymous_38)","decl":{"start":{"line":216,"column":42},"end":{"line":216,"column":43}},"loc":{"start":{"line":217,"column":8},"end":{"line":219,"column":66}},"line":217},"39":{"name":"(anonymous_39)","decl":{"start":{"line":219,"column":35},"end":{"line":219,"column":36}},"loc":{"start":{"line":219,"column":45},"end":{"line":219,"column":65}},"line":219},"40":{"name":"updateConfigParameter","decl":{"start":{"line":223,"column":16},"end":{"line":223,"column":37}},"loc":{"start":{"line":223,"column":51},"end":{"line":241,"column":1}},"line":223},"41":{"name":"(anonymous_41)","decl":{"start":{"line":236,"column":62},"end":{"line":236,"column":63}},"loc":{"start":{"line":237,"column":8},"end":{"line":239,"column":66}},"line":237},"42":{"name":"(anonymous_42)","decl":{"start":{"line":239,"column":35},"end":{"line":239,"column":36}},"loc":{"start":{"line":239,"column":45},"end":{"line":239,"column":65}},"line":239},"43":{"name":"fetchJobLauncherPost","decl":{"start":{"line":243,"column":16},"end":{"line":243,"column":36}},"loc":{"start":{"line":243,"column":64},"end":{"line":254,"column":1}},"line":243},"44":{"name":"fetchJobLauncherToInterruptTask","decl":{"start":{"line":256,"column":16},"end":{"line":256,"column":47}},"loc":{"start":{"line":256,"column":70},"end":{"line":271,"column":1}},"line":256},"45":{"name":"fetchTaskManagerSelectFile","decl":{"start":{"line":273,"column":16},"end":{"line":273,"column":42}},"loc":{"start":{"line":273,"column":70},"end":{"line":290,"column":1}},"line":273},"46":{"name":"fetchTaskManagerManualExport","decl":{"start":{"line":292,"column":16},"end":{"line":292,"column":44}},"loc":{"start":{"line":292,"column":60},"end":{"line":302,"column":1}},"line":292},"47":{"name":"fetchProcessParameters","decl":{"start":{"line":304,"column":16},"end":{"line":304,"column":38}},"loc":{"start":{"line":304,"column":41},"end":{"line":316,"column":1}},"line":304},"48":{"name":"(anonymous_48)","decl":{"start":{"line":313,"column":11},"end":{"line":313,"column":12}},"loc":{"start":{"line":313,"column":25},"end":{"line":313,"column":40}},"line":313},"49":{"name":"updateProcessParameters","decl":{"start":{"line":318,"column":16},"end":{"line":318,"column":39}},"loc":{"start":{"line":318,"column":78},"end":{"line":348,"column":1}},"line":318},"50":{"name":"(anonymous_50)","decl":{"start":{"line":330,"column":14},"end":{"line":330,"column":15}},"loc":{"start":{"line":331,"column":12},"end":{"line":333,"column":70}},"line":331},"51":{"name":"(anonymous_51)","decl":{"start":{"line":333,"column":39},"end":{"line":333,"column":40}},"loc":{"start":{"line":333,"column":49},"end":{"line":333,"column":69}},"line":333},"52":{"name":"(anonymous_52)","decl":{"start":{"line":335,"column":15},"end":{"line":335,"column":16}},"loc":{"start":{"line":335,"column":33},"end":{"line":345,"column":9}},"line":335},"53":{"name":"getBaseUrl","decl":{"start":{"line":350,"column":16},"end":{"line":350,"column":26}},"loc":{"start":{"line":350,"column":29},"end":{"line":356,"column":1}},"line":350}},"branchMap":{"0":{"loc":{"start":{"line":28,"column":4},"end":{"line":32,"column":5}},"type":"if","locations":[{"start":{"line":28,"column":4},"end":{"line":32,"column":5}},{"start":{},"end":{}}],"line":28},"1":{"loc":{"start":{"line":28,"column":10},"end":{"line":28,"column":63}},"type":"binary-expr","locations":[{"start":{"line":28,"column":10},"end":{"line":28,"column":36}},{"start":{"line":28,"column":40},"end":{"line":28,"column":63}}],"line":28},"2":{"loc":{"start":{"line":34,"column":35},"end":{"line":34,"column":57}},"type":"binary-expr","locations":[{"start":{"line":34,"column":35},"end":{"line":34,"column":51}},{"start":{"line":34,"column":55},"end":{"line":34,"column":57}}],"line":34},"3":{"loc":{"start":{"line":97,"column":12},"end":{"line":99,"column":70}},"type":"cond-expr","locations":[{"start":{"line":98,"column":18},"end":{"line":98,"column":33}},{"start":{"line":99,"column":18},"end":{"line":99,"column":70}}],"line":97},"4":{"loc":{"start":{"line":125,"column":12},"end":{"line":127,"column":70}},"type":"cond-expr","locations":[{"start":{"line":126,"column":18},"end":{"line":126,"column":33}},{"start":{"line":127,"column":18},"end":{"line":127,"column":70}}],"line":125},"5":{"loc":{"start":{"line":151,"column":12},"end":{"line":153,"column":70}},"type":"cond-expr","locations":[{"start":{"line":152,"column":18},"end":{"line":152,"column":33}},{"start":{"line":153,"column":18},"end":{"line":153,"column":70}}],"line":151},"6":{"loc":{"start":{"line":173,"column":12},"end":{"line":175,"column":70}},"type":"cond-expr","locations":[{"start":{"line":174,"column":18},"end":{"line":174,"column":33}},{"start":{"line":175,"column":18},"end":{"line":175,"column":70}}],"line":173},"7":{"loc":{"start":{"line":199,"column":8},"end":{"line":201,"column":66}},"type":"cond-expr","locations":[{"start":{"line":200,"column":14},"end":{"line":200,"column":29}},{"start":{"line":201,"column":14},"end":{"line":201,"column":66}}],"line":199},"8":{"loc":{"start":{"line":217,"column":8},"end":{"line":219,"column":66}},"type":"cond-expr","locations":[{"start":{"line":218,"column":14},"end":{"line":218,"column":29}},{"start":{"line":219,"column":14},"end":{"line":219,"column":66}}],"line":217},"9":{"loc":{"start":{"line":237,"column":8},"end":{"line":239,"column":66}},"type":"cond-expr","locations":[{"start":{"line":238,"column":14},"end":{"line":238,"column":22}},{"start":{"line":239,"column":14},"end":{"line":239,"column":66}}],"line":237},"10":{"loc":{"start":{"line":331,"column":12},"end":{"line":333,"column":70}},"type":"cond-expr","locations":[{"start":{"line":332,"column":18},"end":{"line":332,"column":33}},{"start":{"line":333,"column":18},"end":{"line":333,"column":70}}],"line":331},"11":{"loc":{"start":{"line":352,"column":4},"end":{"line":354,"column":5}},"type":"if","locations":[{"start":{"line":352,"column":4},"end":{"line":354,"column":5}},{"start":{},"end":{}}],"line":352}},"s":{"0":3,"1":3,"2":3,"3":3,"4":3,"5":0,"6":0,"7":1,"8":0,"9":0,"10":0,"11":0,"12":0,"13":0,"14":0,"15":0,"16":0,"17":0,"18":0,"19":0,"20":0,"21":0,"22":0,"23":1,"24":1,"25":1,"26":1,"27":0,"28":0,"29":0,"30":0,"31":0,"32":0,"33":0,"34":0,"35":0,"36":0,"37":0,"38":0,"39":0,"40":0,"41":0,"42":0,"43":0,"44":0,"45":0,"46":0,"47":0,"48":0,"49":0,"50":0,"51":0,"52":0,"53":0,"54":0,"55":0,"56":0,"57":0,"58":0,"59":0,"60":0,"61":0,"62":0,"63":0,"64":0,"65":0,"66":0,"67":0,"68":0,"69":0,"70":0,"71":0,"72":0,"73":0,"74":0,"75":0,"76":0,"77":0,"78":0,"79":0,"80":0,"81":0,"82":0,"83":0,"84":0,"85":0,"86":0,"87":0,"88":0,"89":0,"90":0,"91":0,"92":0,"93":0,"94":0,"95":0,"96":0,"97":0,"98":0,"99":0,"100":0,"101":0,"102":0,"103":0,"104":0,"105":0,"106":0},"f":{"0":0,"1":1,"2":0,"3":0,"4":0,"5":0,"6":0,"7":0,"8":0,"9":0,"10":1,"11":1,"12":1,"13":0,"14":0,"15":0,"16":0,"17":0,"18":0,"19":0,"20":0,"21":0,"22":0,"23":0,"24":0,"25":0,"26":0,"27":0,"28":0,"29":0,"30":0,"31":0,"32":0,"33":0,"34":0,"35":0,"36":0,"37":0,"38":0,"39":0,"40":0,"41":0,"42":0,"43":0,"44":0,"45":0,"46":0,"47":0,"48":0,"49":0,"50":0,"51":0,"52":0,"53":0},"b":{"0":[0,0],"1":[0,0],"2":[0,0],"3":[0,0],"4":[0,0],"5":[0,0],"6":[0,0],"7":[0,0],"8":[0,0],"9":[0,0],"10":[0,0],"11":[0,0]},"_coverageSchema":"1a1c01bbd47fc00a2c39e90264f33305004495a9","hash":"39269b0d137d4a167d640bf539e003cf58ade9a3"}
,"/home/limouzinant/GridCapa/gridcapa-app/src/utils/test-utils.js": {"path":"/home/limouzinant/GridCapa/gridcapa-app/src/utils/test-utils.js","statementMap":{"0":{"start":{"line":16,"column":4},"end":{"line":35,"column":6}},"1":{"start":{"line":17,"column":8},"end":{"line":34,"column":9}},"2":{"start":{"line":39,"column":22},"end":{"line":39,"column":51}},"3":{"start":{"line":40,"column":4},"end":{"line":40,"column":41}},"4":{"start":{"line":41,"column":4},"end":{"line":41,"column":54}},"5":{"start":{"line":45,"column":4},"end":{"line":45,"column":23}},"6":{"start":{"line":46,"column":4},"end":{"line":46,"column":21}},"7":{"start":{"line":48,"column":4},"end":{"line":53,"column":5}},"8":{"start":{"line":49,"column":8},"end":{"line":51,"column":11}},"9":{"start":{"line":50,"column":12},"end":{"line":50,"column":27}},"10":{"start":{"line":52,"column":8},"end":{"line":52,"column":20}}},"fnMap":{"0":{"name":"renderWithProviders","decl":{"start":{"line":15,"column":16},"end":{"line":15,"column":35}},"loc":{"start":{"line":15,"column":53},"end":{"line":36,"column":1}},"line":15},"1":{"name":"(anonymous_1)","decl":{"start":{"line":16,"column":15},"end":{"line":16,"column":16}},"loc":{"start":{"line":17,"column":8},"end":{"line":34,"column":9}},"line":17},"2":{"name":"setupTestContainer","decl":{"start":{"line":38,"column":16},"end":{"line":38,"column":34}},"loc":{"start":{"line":38,"column":37},"end":{"line":42,"column":1}},"line":38},"3":{"name":"cleanUpOnExit","decl":{"start":{"line":44,"column":22},"end":{"line":44,"column":35}},"loc":{"start":{"line":44,"column":53},"end":{"line":54,"column":1}},"line":44},"4":{"name":"(anonymous_4)","decl":{"start":{"line":49,"column":12},"end":{"line":49,"column":13}},"loc":{"start":{"line":49,"column":18},"end":{"line":51,"column":9}},"line":49}},"branchMap":{"0":{"loc":{"start":{"line":48,"column":4},"end":{"line":53,"column":5}},"type":"if","locations":[{"start":{"line":48,"column":4},"end":{"line":53,"column":5}},{"start":{},"end":{}}],"line":48}},"s":{"0":7,"1":7,"2":7,"3":7,"4":7,"5":7,"6":7,"7":7,"8":7,"9":7,"10":7},"f":{"0":7,"1":7,"2":7,"3":7,"4":7},"b":{"0":[7,0]},"_coverageSchema":"1a1c01bbd47fc00a2c39e90264f33305004495a9","hash":"37cb9c45cdcc9dce5d5d1e144d8fa29b97931f06"}
,"/home/limouzinant/GridCapa/gridcapa-app/src/utils/view-utils.js": {"path":"/home/limouzinant/GridCapa/gridcapa-app/src/utils/view-utils.js","statementMap":{"0":{"start":{"line":15,"column":21},"end":{"line":19,"column":1}},"1":{"start":{"line":22,"column":4},"end":{"line":27,"column":5}},"2":{"start":{"line":23,"column":8},"end":{"line":25,"column":9}},"3":{"start":{"line":24,"column":12},"end":{"line":24,"column":48}},"4":{"start":{"line":26,"column":8},"end":{"line":26,"column":40}},"5":{"start":{"line":28,"column":4},"end":{"line":28,"column":23}},"6":{"start":{"line":32,"column":4},"end":{"line":49,"column":5}},"7":{"start":{"line":37,"column":34},"end":{"line":37,"column":53}},"8":{"start":{"line":38,"column":12},"end":{"line":38,"column":39}},"9":{"start":{"line":39,"column":25},"end":{"line":39,"column":53}},"10":{"start":{"line":40,"column":12},"end":{"line":40,"column":35}},"11":{"start":{"line":42,"column":28},"end":{"line":42,"column":52}},"12":{"start":{"line":43,"column":28},"end":{"line":43,"column":52}},"13":{"start":{"line":44,"column":12},"end":{"line":44,"column":60}},"14":{"start":{"line":46,"column":12},"end":{"line":46,"column":29}},"15":{"start":{"line":48,"column":12},"end":{"line":48,"column":23}}},"fnMap":{"0":{"name":"getInitialViewToSet","decl":{"start":{"line":21,"column":16},"end":{"line":21,"column":35}},"loc":{"start":{"line":21,"column":71},"end":{"line":29,"column":1}},"line":21},"1":{"name":"getUrlWithTimestampAndView","decl":{"start":{"line":31,"column":16},"end":{"line":31,"column":42}},"loc":{"start":{"line":31,"column":60},"end":{"line":50,"column":1}},"line":31}},"branchMap":{"0":{"loc":{"start":{"line":22,"column":4},"end":{"line":27,"column":5}},"type":"if","locations":[{"start":{"line":22,"column":4},"end":{"line":27,"column":5}},{"start":{},"end":{}}],"line":22},"1":{"loc":{"start":{"line":23,"column":8},"end":{"line":25,"column":9}},"type":"if","locations":[{"start":{"line":23,"column":8},"end":{"line":25,"column":9}},{"start":{},"end":{}}],"line":23},"2":{"loc":{"start":{"line":32,"column":4},"end":{"line":49,"column":5}},"type":"switch","locations":[{"start":{"line":33,"column":8},"end":{"line":40,"column":35}},{"start":{"line":41,"column":8},"end":{"line":44,"column":60}},{"start":{"line":45,"column":8},"end":{"line":46,"column":29}},{"start":{"line":47,"column":8},"end":{"line":48,"column":23}}],"line":32}},"s":{"0":2,"1":3,"2":2,"3":1,"4":1,"5":1,"6":4,"7":1,"8":1,"9":1,"10":1,"11":1,"12":1,"13":1,"14":1,"15":1},"f":{"0":3,"1":4},"b":{"0":[2,1],"1":[1,1],"2":[1,1,1,1]},"_coverageSchema":"1a1c01bbd47fc00a2c39e90264f33305004495a9","hash":"5493f814284c8be4ffaf5e80e958b8205db0dff7"}
,"/home/limouzinant/GridCapa/gridcapa-app/src/utils/websocket-api.js": {"path":"/home/limouzinant/GridCapa/gridcapa-app/src/utils/websocket-api.js","statementMap":{"0":{"start":{"line":14,"column":38},"end":{"line":14,"column":60}},"1":{"start":{"line":15,"column":36},"end":{"line":15,"column":72}},"2":{"start":{"line":18,"column":18},"end":{"line":18,"column":34}},"3":{"start":{"line":19,"column":4},"end":{"line":19,"column":32}},"4":{"start":{"line":23,"column":4},"end":{"line":25,"column":42}},"5":{"start":{"line":29,"column":22},"end":{"line":33,"column":5}},"6":{"start":{"line":36,"column":8},"end":{"line":39,"column":16}},"7":{"start":{"line":41,"column":34},"end":{"line":41,"column":78}},"8":{"start":{"line":43,"column":34},"end":{"line":47,"column":5}},"9":{"start":{"line":48,"column":4},"end":{"line":53,"column":6}},"10":{"start":{"line":49,"column":8},"end":{"line":52,"column":10}},"11":{"start":{"line":54,"column":4},"end":{"line":54,"column":33}},"12":{"start":{"line":58,"column":26},"end":{"line":62,"column":5}},"13":{"start":{"line":59,"column":8},"end":{"line":61,"column":9}},"14":{"start":{"line":60,"column":12},"end":{"line":60,"column":56}},"15":{"start":{"line":64,"column":25},"end":{"line":64,"column":76}},"16":{"start":{"line":65,"column":34},"end":{"line":65,"column":78}},"17":{"start":{"line":67,"column":19},"end":{"line":95,"column":6}},"18":{"start":{"line":71,"column":12},"end":{"line":74,"column":14}},"19":{"start":{"line":75,"column":12},"end":{"line":77,"column":15}},"20":{"start":{"line":76,"column":16},"end":{"line":76,"column":55}},"21":{"start":{"line":80,"column":12},"end":{"line":86,"column":13}},"22":{"start":{"line":88,"column":12},"end":{"line":94,"column":13}},"23":{"start":{"line":97,"column":4},"end":{"line":97,"column":22}},"24":{"start":{"line":99,"column":4},"end":{"line":99,"column":18}},"25":{"start":{"line":103,"column":4},"end":{"line":103,"column":24}}},"fnMap":{"0":{"name":"getToken","decl":{"start":{"line":17,"column":9},"end":{"line":17,"column":17}},"loc":{"start":{"line":17,"column":20},"end":{"line":20,"column":1}},"line":17},"1":{"name":"getWebSocketBaseUrl","decl":{"start":{"line":22,"column":9},"end":{"line":22,"column":28}},"loc":{"start":{"line":22,"column":31},"end":{"line":26,"column":1}},"line":22},"2":{"name":"connectUiConfigNotificationWebsocket","decl":{"start":{"line":28,"column":16},"end":{"line":28,"column":52}},"loc":{"start":{"line":28,"column":55},"end":{"line":55,"column":1}},"line":28},"3":{"name":"(anonymous_3)","decl":{"start":{"line":48,"column":35},"end":{"line":48,"column":36}},"loc":{"start":{"line":48,"column":47},"end":{"line":53,"column":5}},"line":48},"4":{"name":"connectTaskNotificationWebSocket","decl":{"start":{"line":57,"column":16},"end":{"line":57,"column":48}},"loc":{"start":{"line":57,"column":68},"end":{"line":100,"column":1}},"line":57},"5":{"name":"(anonymous_5)","decl":{"start":{"line":58,"column":26},"end":{"line":58,"column":27}},"loc":{"start":{"line":58,"column":39},"end":{"line":62,"column":5}},"line":58},"6":{"name":"(anonymous_6)","decl":{"start":{"line":70,"column":19},"end":{"line":70,"column":20}},"loc":{"start":{"line":70,"column":25},"end":{"line":78,"column":9}},"line":70},"7":{"name":"(anonymous_7)","decl":{"start":{"line":75,"column":27},"end":{"line":75,"column":28}},"loc":{"start":{"line":75,"column":38},"end":{"line":77,"column":13}},"line":75},"8":{"name":"(anonymous_8)","decl":{"start":{"line":79,"column":22},"end":{"line":79,"column":23}},"loc":{"start":{"line":80,"column":12},"end":{"line":86,"column":13}},"line":80},"9":{"name":"(anonymous_9)","decl":{"start":{"line":87,"column":26},"end":{"line":87,"column":27}},"loc":{"start":{"line":88,"column":12},"end":{"line":94,"column":13}},"line":88},"10":{"name":"disconnectTaskNotificationWebSocket","decl":{"start":{"line":102,"column":16},"end":{"line":102,"column":51}},"loc":{"start":{"line":102,"column":60},"end":{"line":104,"column":1}},"line":102}},"branchMap":{"0":{"loc":{"start":{"line":59,"column":8},"end":{"line":61,"column":9}},"type":"if","locations":[{"start":{"line":59,"column":8},"end":{"line":61,"column":9}},{"start":{},"end":{}}],"line":59}},"s":{"0":1,"1":1,"2":0,"3":0,"4":0,"5":0,"6":0,"7":0,"8":0,"9":0,"10":0,"11":0,"12":0,"13":0,"14":0,"15":0,"16":0,"17":0,"18":0,"19":0,"20":0,"21":0,"22":0,"23":0,"24":0,"25":0},"f":{"0":0,"1":0,"2":0,"3":0,"4":0,"5":0,"6":0,"7":0,"8":0,"9":0,"10":0},"b":{"0":[0,0]},"_coverageSchema":"1a1c01bbd47fc00a2c39e90264f33305004495a9","hash":"c17c66208270271dfd5710728103c7c7ad08d694"}
}
