TN:
SF:src/components/app-top-bar.jsx
FN:33,(anonymous_0)
FN:53,(anonymous_1)
FN:55,(anonymous_2)
FN:61,(anonymous_3)
FN:65,(anonymous_4)
FN:69,(anonymous_5)
FN:73,(anonymous_6)
FN:77,(anonymous_7)
FN:80,(anonymous_8)
FN:81,(anonymous_9)
FN:98,(anonymous_10)
FNF:11
FNH:5
FNDA:3,(anonymous_0)
FNDA:1,(anonymous_1)
FNDA:0,(anonymous_2)
FNDA:0,(anonymous_3)
FNDA:0,(anonymous_4)
FNDA:0,(anonymous_5)
FNDA:0,(anonymous_6)
FNDA:1,(anonymous_7)
FNDA:1,(anonymous_8)
FNDA:1,(anonymous_9)
FNDA:0,(anonymous_10)
DA:33,1
DA:40,3
DA:41,3
DA:43,3
DA:45,3
DA:47,3
DA:48,3
DA:50,3
DA:51,3
DA:53,3
DA:54,1
DA:55,0
DA:56,0
DA:61,3
DA:62,0
DA:65,3
DA:66,0
DA:69,3
DA:70,0
DA:73,3
DA:74,0
DA:77,3
DA:78,1
DA:79,1
DA:80,1
DA:82,1
DA:85,1
DA:89,3
DA:98,0
DA:137,1
LF:30
LH:23
BRDA:54,0,0,0
BRDA:54,0,1,1
BRDA:83,1,0,1
BRDA:83,1,1,1
BRDA:85,2,0,1
BRDA:85,2,1,1
BRDA:108,3,0,3
BRDA:108,3,1,0
BRDA:119,4,0,0
BRDA:119,4,1,0
BRDA:121,5,0,0
BRDA:121,5,1,0
BRF:12
BRH:6
end_of_record
TN:
SF:src/components/app.jsx
FN:59,(anonymous_0)
FN:66,(anonymous_1)
FN:68,(anonymous_2)
FN:71,(anonymous_3)
FN:74,(anonymous_4)
FN:93,(anonymous_5)
FN:95,(anonymous_6)
FN:96,initializeAuthentication
FN:131,(anonymous_8)
FN:133,(anonymous_9)
FN:154,(anonymous_10)
FN:167,(anonymous_11)
FN:170,(anonymous_12)
FN:174,(anonymous_13)
FN:175,(anonymous_14)
FN:179,(anonymous_15)
FN:186,(anonymous_16)
FN:189,(anonymous_17)
FN:190,(anonymous_18)
FN:193,(anonymous_19)
FN:194,(anonymous_20)
FN:198,(anonymous_21)
FN:204,(anonymous_22)
FN:212,(anonymous_23)
FN:237,(anonymous_24)
FNF:25
FNH:8
FNDA:3,(anonymous_0)
FNDA:5,(anonymous_1)
FNDA:5,(anonymous_2)
FNDA:5,(anonymous_3)
FNDA:5,(anonymous_4)
FNDA:0,(anonymous_5)
FNDA:1,(anonymous_6)
FNDA:1,initializeAuthentication
FNDA:0,(anonymous_8)
FNDA:0,(anonymous_9)
FNDA:0,(anonymous_10)
FNDA:0,(anonymous_11)
FNDA:0,(anonymous_12)
FNDA:0,(anonymous_13)
FNDA:0,(anonymous_14)
FNDA:0,(anonymous_15)
FNDA:1,(anonymous_16)
FNDA:0,(anonymous_17)
FNDA:0,(anonymous_18)
FNDA:0,(anonymous_19)
FNDA:0,(anonymous_20)
FNDA:0,(anonymous_21)
FNDA:0,(anonymous_22)
FNDA:0,(anonymous_23)
FNDA:0,(anonymous_24)
DA:57,1
DA:59,1
DA:60,3
DA:61,3
DA:62,3
DA:63,3
DA:64,3
DA:66,5
DA:67,3
DA:68,5
DA:70,3
DA:71,5
DA:73,3
DA:74,5
DA:77,3
DA:79,3
DA:84,3
DA:89,3
DA:90,3
DA:91,3
DA:93,3
DA:95,3
DA:96,1
DA:97,1
DA:98,1
DA:99,0
DA:110,1
DA:121,0
DA:130,3
DA:132,0
DA:133,0
DA:134,0
DA:136,0
DA:137,0
DA:139,0
DA:140,0
DA:145,0
DA:153,3
DA:155,0
DA:167,3
DA:168,0
DA:170,0
DA:171,0
DA:172,0
DA:173,0
DA:174,0
DA:175,0
DA:179,0
DA:180,0
DA:183,0
DA:186,3
DA:187,1
DA:188,0
DA:189,0
DA:190,0
DA:192,0
DA:193,0
DA:194,0
DA:196,0
DA:198,0
DA:199,0
DA:204,3
DA:205,0
DA:206,0
DA:207,0
DA:212,3
DA:213,0
DA:214,0
DA:215,0
DA:220,3
DA:238,0
LF:71
LH:34
BRDA:98,0,0,0
BRDA:98,0,1,1
BRDA:134,1,0,0
BRDA:134,1,1,0
BRDA:134,1,2,0
BRDA:172,2,0,0
BRDA:172,2,1,0
BRDA:172,3,0,0
BRDA:172,3,1,0
BRDA:187,4,0,0
BRDA:187,4,1,1
BRDA:230,5,0,0
BRDA:230,5,1,3
BRDA:264,6,0,0
BRDA:264,6,1,0
BRF:15
BRH:3
end_of_record
TN:
SF:src/components/business-date-view.jsx
FN:12,(anonymous_0)
FNF:1
FNH:0
FNDA:0,(anonymous_0)
DA:12,1
DA:13,0
DA:14,0
DA:15,0
LF:4
LH:1
BRF:0
BRH:0
end_of_record
TN:
SF:src/components/events-table.jsx
FN:35,inputDataRow
FN:57,(anonymous_1)
FN:65,loadPredefinedFilter
FN:72,(anonymous_3)
FN:81,(anonymous_4)
FN:90,(anonymous_5)
FN:92,(anonymous_6)
FN:93,(anonymous_7)
FN:107,(anonymous_8)
FN:111,(anonymous_9)
FN:115,(anonymous_10)
FN:117,(anonymous_11)
FN:132,(anonymous_12)
FN:137,(anonymous_13)
FN:140,(anonymous_14)
FN:147,(anonymous_15)
FN:191,(anonymous_16)
FNF:17
FNH:0
FNDA:0,inputDataRow
FNDA:0,(anonymous_1)
FNDA:0,loadPredefinedFilter
FNDA:0,(anonymous_3)
FNDA:0,(anonymous_4)
FNDA:0,(anonymous_5)
FNDA:0,(anonymous_6)
FNDA:0,(anonymous_7)
FNDA:0,(anonymous_8)
FNDA:0,(anonymous_9)
FNDA:0,(anonymous_10)
FNDA:0,(anonymous_11)
FNDA:0,(anonymous_12)
FNDA:0,(anonymous_13)
FNDA:0,(anonymous_14)
FNDA:0,(anonymous_15)
FNDA:0,(anonymous_16)
DA:23,1
DA:36,0
DA:37,0
DA:38,0
DA:39,0
DA:41,0
DA:43,0
DA:58,0
DA:70,0
DA:71,0
DA:72,0
DA:73,0
DA:74,0
DA:77,0
DA:78,0
DA:81,1
DA:83,0
DA:84,0
DA:87,0
DA:88,0
DA:90,0
DA:91,0
DA:92,0
DA:94,0
DA:99,0
DA:107,0
DA:108,0
DA:111,0
DA:112,0
DA:115,0
DA:116,0
DA:117,0
DA:118,0
DA:126,0
DA:129,0
DA:132,0
DA:133,0
DA:134,0
DA:135,0
DA:136,0
DA:138,0
DA:141,0
DA:148,0
DA:157,0
DA:160,0
DA:191,0
LF:46
LH:2
BRDA:73,0,0,0
BRDA:73,0,1,0
BRDA:73,1,0,0
BRDA:73,1,1,0
BRDA:118,2,0,0
BRDA:118,2,1,0
BRDA:119,3,0,0
BRDA:119,3,1,0
BRDA:135,4,0,0
BRDA:135,4,1,0
BRDA:138,5,0,0
BRDA:138,5,1,0
BRDA:138,5,2,0
BRDA:138,5,3,0
BRDA:138,5,4,0
BRDA:138,5,5,0
BRDA:138,5,6,0
BRDA:138,5,7,0
BRF:18
BRH:0
end_of_record
TN:
SF:src/components/file-summary.jsx
FN:8,(anonymous_0)
FN:12,(anonymous_1)
FNF:2
FNH:2
FNDA:1,(anonymous_0)
FNDA:3,(anonymous_1)
DA:8,2
DA:9,1
DA:12,3
LF:3
LH:3
BRF:0
BRH:0
end_of_record
TN:
SF:src/components/filter-menu.jsx
FN:21,(anonymous_0)
FN:23,(anonymous_1)
FN:31,(anonymous_2)
FN:35,(anonymous_3)
FN:45,(anonymous_4)
FN:51,(anonymous_5)
FN:61,(anonymous_6)
FN:65,(anonymous_7)
FN:79,(anonymous_8)
FN:87,(anonymous_9)
FN:89,(anonymous_10)
FN:102,(anonymous_11)
FN:108,(anonymous_12)
FN:111,(anonymous_13)
FN:120,(anonymous_14)
FN:161,(anonymous_15)
FNF:16
FNH:0
FNDA:0,(anonymous_0)
FNDA:0,(anonymous_1)
FNDA:0,(anonymous_2)
FNDA:0,(anonymous_3)
FNDA:0,(anonymous_4)
FNDA:0,(anonymous_5)
FNDA:0,(anonymous_6)
FNDA:0,(anonymous_7)
FNDA:0,(anonymous_8)
FNDA:0,(anonymous_9)
FNDA:0,(anonymous_10)
FNDA:0,(anonymous_11)
FNDA:0,(anonymous_12)
FNDA:0,(anonymous_13)
FNDA:0,(anonymous_14)
FNDA:0,(anonymous_15)
DA:21,1
DA:22,0
DA:23,0
DA:24,0
DA:25,0
DA:27,0
DA:31,0
DA:35,1
DA:43,0
DA:44,0
DA:45,0
DA:46,0
DA:49,0
DA:51,0
DA:52,0
DA:59,0
DA:61,0
DA:62,0
DA:65,0
DA:66,0
DA:67,0
DA:68,0
DA:69,0
DA:70,0
DA:71,0
DA:74,0
DA:75,0
DA:76,0
DA:78,0
DA:79,0
DA:80,0
DA:81,0
DA:82,0
DA:83,0
DA:87,0
DA:88,0
DA:89,0
DA:90,0
DA:94,0
DA:98,0
DA:99,0
DA:102,0
DA:103,0
DA:104,0
DA:108,0
DA:109,0
DA:110,0
DA:111,0
DA:112,0
DA:114,0
DA:115,0
DA:118,0
DA:121,0
DA:141,0
DA:161,0
LF:55
LH:2
BRDA:21,0,0,0
BRDA:22,1,0,0
BRDA:22,1,1,0
BRDA:24,2,0,0
BRDA:24,2,1,0
BRDA:39,3,0,0
BRDA:40,4,0,0
BRDA:68,5,0,0
BRDA:68,5,1,0
BRDA:70,6,0,0
BRDA:70,6,1,0
BRDA:78,7,0,0
BRDA:78,7,1,0
BRDA:80,8,0,0
BRDA:80,8,1,0
BRDA:80,9,0,0
BRDA:80,9,1,0
BRDA:82,10,0,0
BRDA:82,10,1,0
BRDA:88,11,0,0
BRDA:88,11,1,0
BRDA:103,12,0,0
BRDA:103,12,1,0
BRDA:110,13,0,0
BRDA:110,13,1,0
BRDA:112,14,0,0
BRDA:112,14,1,0
BRDA:114,15,0,0
BRDA:114,15,1,0
BRDA:148,16,0,0
BRDA:148,16,1,0
BRDA:160,17,0,0
BRDA:160,17,1,0
BRDA:177,18,0,0
BRDA:177,18,1,0
BRDA:177,18,2,0
BRDA:177,18,3,0
BRF:37
BRH:0
end_of_record
TN:
SF:src/components/global-view-core-row.jsx
FN:22,displayManualExportButton
FN:31,(anonymous_1)
FN:45,(anonymous_2)
FN:46,getManualExportEnabled
FN:89,(anonymous_4)
FN:127,(anonymous_5)
FNF:6
FNH:0
FNDA:0,displayManualExportButton
FNDA:0,(anonymous_1)
FNDA:0,(anonymous_2)
FNDA:0,getManualExportEnabled
FNDA:0,(anonymous_4)
FNDA:0,(anonymous_5)
DA:23,0
DA:31,1
DA:39,0
DA:40,0
DA:41,0
DA:42,0
DA:43,0
DA:45,0
DA:47,0
DA:48,0
DA:49,0
DA:50,0
DA:52,0
DA:55,0
DA:58,0
DA:90,0
DA:128,0
LF:17
LH:1
BRDA:23,0,0,0
BRDA:23,0,1,0
BRDA:23,1,0,0
BRDA:23,1,1,0
BRDA:50,2,0,0
BRDA:50,2,1,0
BRDA:59,3,0,0
BRDA:59,3,1,0
BRDA:103,4,0,0
BRDA:103,4,1,0
BRF:10
BRH:0
end_of_record
TN:
SF:src/components/global-view-core.jsx
FN:38,(anonymous_0)
FN:53,(anonymous_1)
FN:72,(anonymous_2)
FN:73,getTimestampFilter
FN:75,(anonymous_4)
FN:78,(anonymous_5)
FN:88,(anonymous_6)
FN:92,(anonymous_7)
FN:104,(anonymous_8)
FN:113,(anonymous_9)
FN:118,(anonymous_10)
FN:124,(anonymous_11)
FN:126,(anonymous_12)
FN:136,(anonymous_13)
FN:143,(anonymous_14)
FN:149,(anonymous_15)
FN:151,(anonymous_16)
FN:156,(anonymous_17)
FN:162,(anonymous_18)
FN:163,(anonymous_19)
FN:177,(anonymous_20)
FN:178,(anonymous_21)
FN:189,(anonymous_22)
FN:192,(anonymous_23)
FN:197,(anonymous_24)
FN:202,(anonymous_25)
FN:210,(anonymous_26)
FN:239,(anonymous_27)
FN:240,(anonymous_28)
FN:241,(anonymous_29)
FN:243,(anonymous_30)
FN:259,(anonymous_31)
FN:276,(anonymous_32)
FN:281,(anonymous_33)
FN:286,(anonymous_34)
FN:291,(anonymous_35)
FN:301,(anonymous_36)
FN:359,(anonymous_37)
FNF:38
FNH:0
FNDA:0,(anonymous_0)
FNDA:0,(anonymous_1)
FNDA:0,(anonymous_2)
FNDA:0,getTimestampFilter
FNDA:0,(anonymous_4)
FNDA:0,(anonymous_5)
FNDA:0,(anonymous_6)
FNDA:0,(anonymous_7)
FNDA:0,(anonymous_8)
FNDA:0,(anonymous_9)
FNDA:0,(anonymous_10)
FNDA:0,(anonymous_11)
FNDA:0,(anonymous_12)
FNDA:0,(anonymous_13)
FNDA:0,(anonymous_14)
FNDA:0,(anonymous_15)
FNDA:0,(anonymous_16)
FNDA:0,(anonymous_17)
FNDA:0,(anonymous_18)
FNDA:0,(anonymous_19)
FNDA:0,(anonymous_20)
FNDA:0,(anonymous_21)
FNDA:0,(anonymous_22)
FNDA:0,(anonymous_23)
FNDA:0,(anonymous_24)
FNDA:0,(anonymous_25)
FNDA:0,(anonymous_26)
FNDA:0,(anonymous_27)
FNDA:0,(anonymous_28)
FNDA:0,(anonymous_29)
FNDA:0,(anonymous_30)
FNDA:0,(anonymous_31)
FNDA:0,(anonymous_32)
FNDA:0,(anonymous_33)
FNDA:0,(anonymous_34)
FNDA:0,(anonymous_35)
FNDA:0,(anonymous_36)
FNDA:0,(anonymous_37)
DA:38,1
DA:39,0
DA:40,0
DA:41,0
DA:42,0
DA:44,0
DA:45,0
DA:46,0
DA:47,0
DA:50,0
DA:53,1
DA:54,0
DA:55,0
DA:57,0
DA:58,0
DA:61,0
DA:62,0
DA:63,0
DA:64,0
DA:65,0
DA:66,0
DA:67,0
DA:68,0
DA:69,0
DA:70,0
DA:72,0
DA:74,0
DA:76,0
DA:79,0
DA:81,0
DA:82,0
DA:84,0
DA:87,0
DA:89,0
DA:90,0
DA:91,0
DA:93,0
DA:96,0
DA:97,0
DA:98,0
DA:104,0
DA:105,0
DA:113,0
DA:114,0
DA:115,0
DA:118,0
DA:119,0
DA:120,0
DA:121,0
DA:124,0
DA:125,0
DA:126,0
DA:128,0
DA:129,0
DA:130,0
DA:131,0
DA:132,0
DA:137,0
DA:138,0
DA:143,0
DA:144,0
DA:145,0
DA:146,0
DA:149,0
DA:150,0
DA:151,0
DA:153,0
DA:154,0
DA:156,0
DA:157,0
DA:158,0
DA:159,0
DA:162,0
DA:163,0
DA:164,0
DA:165,0
DA:169,0
DA:177,0
DA:178,0
DA:179,0
DA:180,0
DA:181,0
DA:189,0
DA:191,0
DA:192,0
DA:193,0
DA:198,0
DA:203,0
DA:209,0
DA:211,0
DA:212,0
DA:213,0
DA:214,0
DA:220,0
DA:221,0
DA:222,0
DA:225,0
DA:226,0
DA:235,0
DA:239,0
DA:240,0
DA:241,0
DA:242,0
DA:244,0
DA:247,0
DA:248,0
DA:252,0
DA:253,0
DA:259,0
DA:260,0
DA:265,0
DA:266,0
DA:267,0
DA:276,0
DA:277,0
DA:278,0
DA:281,0
DA:282,0
DA:283,0
DA:286,0
DA:287,0
DA:288,0
DA:291,0
DA:292,0
DA:293,0
DA:297,0
DA:301,0
DA:302,0
DA:303,0
DA:307,0
DA:360,0
LF:131
LH:2
BRDA:93,0,0,0
BRDA:93,0,1,0
BRDA:96,1,0,0
BRDA:96,1,1,0
BRDA:131,2,0,0
BRDA:131,2,1,0
BRDA:165,3,0,0
BRDA:165,3,1,0
BRDA:180,4,0,0
BRDA:180,4,1,0
BRDA:194,5,0,0
BRDA:194,5,1,0
BRDA:194,5,2,0
BRDA:194,5,3,0
BRDA:194,5,4,0
BRDA:194,5,5,0
BRDA:194,5,6,0
BRDA:215,6,0,0
BRDA:215,6,1,0
BRDA:220,7,0,0
BRDA:220,7,1,0
BRDA:225,8,0,0
BRDA:225,8,1,0
BRDA:244,9,0,0
BRDA:244,9,1,0
BRDA:247,10,0,0
BRDA:247,10,1,0
BRDA:278,11,0,0
BRDA:278,11,1,0
BRDA:283,12,0,0
BRDA:283,12,1,0
BRDA:288,13,0,0
BRDA:288,13,1,0
BRDA:292,14,0,0
BRDA:292,14,1,0
BRDA:346,15,0,0
BRDA:346,15,1,0
BRDA:353,16,0,0
BRDA:353,16,1,0
BRDA:392,17,0,0
BRDA:392,17,1,0
BRDA:393,18,0,0
BRDA:393,18,1,0
BRF:43
BRH:0
end_of_record
TN:
SF:src/components/gridcapa-logo-text.jsx
FN:4,GridcapaLogoText
FNF:1
FNH:1
FNDA:1,GridcapaLogoText
DA:5,1
DA:7,1
LF:2
LH:2
BRF:0
BRH:0
end_of_record
TN:
SF:src/components/gridcapa-main.jsx
FN:19,GridCapaMain
FN:32,(anonymous_1)
FN:36,(anonymous_2)
FN:37,(anonymous_3)
FNF:4
FNH:0
FNDA:0,GridCapaMain
FNDA:0,(anonymous_1)
FNDA:0,(anonymous_2)
FNDA:0,(anonymous_3)
DA:27,0
DA:28,0
DA:30,0
DA:32,0
DA:33,0
DA:34,0
DA:35,0
DA:36,0
DA:38,0
DA:40,0
DA:45,0
DA:48,0
DA:51,0
DA:53,0
DA:67,0
DA:95,1
LF:16
LH:1
BRDA:33,0,0,0
BRDA:33,0,1,0
BRDA:48,1,0,0
BRDA:48,1,1,0
BRDA:53,2,0,0
BRDA:53,2,1,0
BRDA:68,3,0,0
BRDA:68,3,1,0
BRF:8
BRH:0
end_of_record
TN:
SF:src/components/manual-export-button.jsx
FN:20,isDisabled
FN:31,ManualExportButton
FN:35,(anonymous_2)
FN:39,(anonymous_3)
FN:44,(anonymous_4)
FNF:5
FNH:0
FNDA:0,isDisabled
FNDA:0,ManualExportButton
FNDA:0,(anonymous_2)
FNDA:0,(anonymous_3)
FNDA:0,(anonymous_4)
DA:21,0
DA:24,1
DA:32,0
DA:33,0
DA:35,0
DA:36,0
DA:39,0
DA:40,0
DA:43,0
DA:45,0
DA:46,0
DA:47,0
DA:48,0
DA:53,0
LF:14
LH:1
BRDA:21,0,0,0
BRDA:21,0,1,0
BRDA:60,1,0,0
BRDA:60,1,1,0
BRF:4
BRH:0
end_of_record
TN:
SF:src/components/minio-disk-usage.jsx
FN:20,MinioDiskUsage
FN:23,(anonymous_1)
FN:24,(anonymous_2)
FN:27,(anonymous_3)
FN:28,(anonymous_4)
FNF:5
FNH:5
FNDA:2,MinioDiskUsage
FNDA:1,(anonymous_1)
FNDA:1,(anonymous_2)
FNDA:2,(anonymous_3)
FNDA:3,(anonymous_4)
DA:14,2
DA:21,2
DA:23,2
DA:24,1
DA:25,1
DA:26,1
DA:27,1
DA:28,2
DA:29,3
DA:30,3
DA:33,1
DA:41,2
LF:12
LH:12
BRF:0
BRH:0
end_of_record
TN:
SF:src/components/overview-table.jsx
FN:45,FileGroupTableHead
FN:75,FileGroupTableRows
FN:83,(anonymous_2)
FN:96,FileGroupTable
FN:114,FileDataRow
FN:123,(anonymous_5)
FN:128,(anonymous_6)
FN:133,(anonymous_7)
FN:165,(anonymous_8)
FN:169,(anonymous_9)
FN:215,(anonymous_10)
FNF:11
FNH:0
FNDA:0,FileGroupTableHead
FNDA:0,FileGroupTableRows
FNDA:0,(anonymous_2)
FNDA:0,FileGroupTable
FNDA:0,FileDataRow
FNDA:0,(anonymous_5)
FNDA:0,(anonymous_6)
FNDA:0,(anonymous_7)
FNDA:0,(anonymous_8)
FNDA:0,(anonymous_9)
FNDA:0,(anonymous_10)
DA:28,1
DA:29,1
DA:30,1
DA:34,1
DA:47,0
DA:81,0
DA:84,0
DA:102,0
DA:115,0
DA:116,0
DA:117,0
DA:118,0
DA:119,0
DA:120,0
DA:123,0
DA:124,0
DA:125,0
DA:128,0
DA:129,0
DA:130,0
DA:133,0
DA:134,0
DA:135,0
DA:139,0
DA:166,0
DA:170,0
DA:215,1
DA:216,0
LF:28
LH:5
BRDA:65,0,0,0
BRDA:65,0,1,0
BRDA:151,1,0,0
BRDA:151,1,1,0
BRDA:166,2,0,0
BRDA:166,2,1,0
BRDA:200,3,0,0
BRDA:200,3,1,0
BRF:8
BRH:0
end_of_record
TN:
SF:src/components/process-timestamp-view.jsx
FN:21,timestampEquals
FN:25,(anonymous_1)
FN:37,(anonymous_2)
FN:44,(anonymous_3)
FN:55,(anonymous_4)
FN:63,(anonymous_5)
FN:74,(anonymous_6)
FN:85,(anonymous_7)
FN:89,(anonymous_8)
FN:95,(anonymous_9)
FN:99,(anonymous_10)
FN:114,(anonymous_11)
FNF:12
FNH:0
FNDA:0,timestampEquals
FNDA:0,(anonymous_1)
FNDA:0,(anonymous_2)
FNDA:0,(anonymous_3)
FNDA:0,(anonymous_4)
FNDA:0,(anonymous_5)
FNDA:0,(anonymous_6)
FNDA:0,(anonymous_7)
FNDA:0,(anonymous_8)
FNDA:0,(anonymous_9)
FNDA:0,(anonymous_10)
FNDA:0,(anonymous_11)
DA:22,0
DA:25,1
DA:30,0
DA:31,0
DA:32,0
DA:33,0
DA:34,0
DA:35,0
DA:37,0
DA:38,0
DA:39,0
DA:40,0
DA:46,0
DA:47,0
DA:48,0
DA:54,0
DA:56,0
DA:57,0
DA:63,0
DA:64,0
DA:65,0
DA:70,0
DA:73,0
DA:75,0
DA:76,0
DA:85,0
DA:86,0
DA:89,0
DA:90,0
DA:95,0
DA:96,0
DA:99,0
DA:100,0
DA:101,0
DA:105,0
DA:106,0
DA:110,0
DA:114,0
DA:115,0
DA:116,0
DA:120,0
LF:41
LH:1
BRDA:39,0,0,0
BRDA:39,0,1,0
BRDA:46,1,0,0
BRDA:46,1,1,0
BRDA:56,2,0,0
BRDA:56,2,1,0
BRDA:56,3,0,0
BRDA:56,3,1,0
BRDA:75,4,0,0
BRDA:75,4,1,0
BRDA:75,5,0,0
BRDA:75,5,1,0
BRDA:100,6,0,0
BRDA:100,6,1,0
BRDA:132,7,0,0
BRDA:132,7,1,0
BRF:16
BRH:0
end_of_record
TN:
SF:src/components/run-all-timstamps-for-business-date-button.jsx
FN:25,isDisabled
FN:27,(anonymous_1)
FN:33,isDisabledTask
FN:42,RunAllButton
FN:57,(anonymous_4)
FN:67,(anonymous_5)
FN:70,(anonymous_6)
FN:71,(anonymous_7)
FN:76,(anonymous_8)
FN:78,getBackendTasks
FN:93,(anonymous_10)
FN:102,handleParametersDialogOpening
FN:108,launchTaskWithoutParameters
FN:111,(anonymous_13)
FN:122,onRunButtonClick
FN:131,launchTaskWithParameters
FN:135,(anonymous_16)
FN:158,handleParametersDialogClosing
FN:163,(anonymous_18)
FN:173,(anonymous_19)
FNF:20
FNH:0
FNDA:0,isDisabled
FNDA:0,(anonymous_1)
FNDA:0,isDisabledTask
FNDA:0,RunAllButton
FNDA:0,(anonymous_4)
FNDA:0,(anonymous_5)
FNDA:0,(anonymous_6)
FNDA:0,(anonymous_7)
FNDA:0,(anonymous_8)
FNDA:0,getBackendTasks
FNDA:0,(anonymous_10)
FNDA:0,handleParametersDialogOpening
FNDA:0,launchTaskWithoutParameters
FNDA:0,(anonymous_13)
FNDA:0,onRunButtonClick
FNDA:0,launchTaskWithParameters
FNDA:0,(anonymous_16)
FNDA:0,handleParametersDialogClosing
FNDA:0,(anonymous_18)
FNDA:0,(anonymous_19)
DA:26,0
DA:27,0
DA:29,0
DA:34,0
DA:43,0
DA:44,0
DA:45,0
DA:46,0
DA:47,0
DA:48,0
DA:49,0
DA:50,0
DA:51,0
DA:52,0
DA:53,0
DA:54,0
DA:55,0
DA:57,0
DA:59,0
DA:61,0
DA:62,0
DA:67,0
DA:68,0
DA:69,0
DA:70,0
DA:72,0
DA:76,0
DA:77,0
DA:80,0
DA:82,0
DA:83,0
DA:88,0
DA:90,0
DA:93,0
DA:94,0
DA:103,0
DA:104,0
DA:105,0
DA:109,0
DA:110,0
DA:112,0
DA:113,0
DA:117,0
DA:119,0
DA:123,0
DA:124,0
DA:125,0
DA:127,0
DA:132,0
DA:133,0
DA:134,0
DA:136,0
DA:137,0
DA:141,0
DA:146,0
DA:151,0
DA:152,0
DA:153,0
DA:154,0
DA:159,0
DA:160,0
DA:163,0
DA:164,0
DA:165,0
DA:169,0
DA:173,0
DA:174,0
DA:175,0
DA:179,0
LF:69
LH:0
BRDA:26,0,0,0
BRDA:26,0,1,0
BRDA:26,1,0,0
BRDA:26,1,1,0
BRDA:35,2,0,0
BRDA:35,2,1,0
BRDA:35,2,2,0
BRDA:35,2,3,0
BRDA:72,3,0,0
BRDA:72,3,1,0
BRDA:112,4,0,0
BRDA:112,4,1,0
BRDA:124,5,0,0
BRDA:124,5,1,0
BRDA:136,6,0,0
BRDA:136,6,1,0
BRDA:141,7,0,0
BRDA:141,7,1,0
BRDA:142,8,0,0
BRDA:142,8,1,0
BRDA:142,8,2,0
BRDA:153,9,0,0
BRDA:153,9,1,0
BRDA:164,10,0,0
BRDA:164,10,1,0
BRDA:185,11,0,0
BRDA:185,11,1,0
BRF:27
BRH:0
end_of_record
TN:
SF:src/components/run-button.jsx
FN:20,isDisabled
FN:29,isRunning
FN:40,RunButton
FN:46,handleParametersDialogOpening
FN:52,launchTaskWithoutParameters
FN:57,onRunButtonClick
FN:66,launchTaskWithParameters
FN:74,handleParametersDialogClosing
FN:79,(anonymous_8)
FN:82,(anonymous_9)
FN:83,(anonymous_10)
FNF:11
FNH:6
FNDA:1,isDisabled
FNDA:4,isRunning
FNDA:2,RunButton
FNDA:0,handleParametersDialogOpening
FNDA:0,launchTaskWithoutParameters
FNDA:0,onRunButtonClick
FNDA:0,launchTaskWithParameters
FNDA:0,handleParametersDialogClosing
FNDA:2,(anonymous_8)
FNDA:2,(anonymous_9)
FNDA:2,(anonymous_10)
DA:21,1
DA:30,4
DA:33,2
DA:41,2
DA:42,2
DA:43,2
DA:44,2
DA:47,0
DA:48,0
DA:49,0
DA:53,0
DA:54,0
DA:58,0
DA:59,0
DA:60,0
DA:62,0
DA:67,0
DA:68,0
DA:69,0
DA:70,0
DA:75,0
DA:76,0
DA:79,2
DA:80,2
DA:81,2
DA:82,2
DA:84,2
DA:88,2
DA:119,2
LF:29
LH:14
BRDA:22,0,0,1
BRDA:22,0,1,1
BRDA:22,0,2,0
BRDA:22,0,3,0
BRDA:30,1,0,4
BRDA:30,1,1,4
BRDA:30,1,2,2
BRDA:59,2,0,0
BRDA:59,2,1,0
BRDA:69,3,0,0
BRDA:69,3,1,0
BRDA:69,4,0,0
BRDA:69,4,1,0
BRDA:69,4,2,0
BRDA:84,5,0,2
BRDA:84,5,1,2
BRDA:90,6,0,2
BRDA:90,6,1,1
BRDA:96,7,0,1
BRDA:96,7,1,1
BRDA:103,8,0,2
BRDA:103,8,1,1
BRF:22
BRH:13
end_of_record
TN:
SF:src/components/running-tasks-view-core-row.jsx
FN:19,(anonymous_0)
FN:63,(anonymous_1)
FN:91,(anonymous_2)
FNF:3
FNH:0
FNDA:0,(anonymous_0)
FNDA:0,(anonymous_1)
FNDA:0,(anonymous_2)
DA:19,1
DA:27,0
DA:28,0
DA:29,0
DA:30,0
DA:32,0
DA:64,0
DA:92,0
LF:8
LH:1
BRDA:33,0,0,0
BRDA:33,0,1,0
BRDA:77,1,0,0
BRDA:77,1,1,0
BRF:4
BRH:0
end_of_record
TN:
SF:src/components/running-tasks-view-core.jsx
FN:38,(anonymous_0)
FN:56,(anonymous_1)
FN:57,getTimestampFilter
FN:59,(anonymous_3)
FN:62,(anonymous_4)
FN:72,(anonymous_5)
FN:89,(anonymous_6)
FN:93,(anonymous_7)
FN:105,(anonymous_8)
FN:107,(anonymous_9)
FN:113,(anonymous_10)
FN:117,(anonymous_11)
FN:122,(anonymous_12)
FN:124,(anonymous_13)
FN:134,(anonymous_14)
FN:141,(anonymous_15)
FN:147,(anonymous_16)
FN:149,(anonymous_17)
FN:154,(anonymous_18)
FN:160,(anonymous_19)
FN:161,(anonymous_20)
FN:175,(anonymous_21)
FN:176,(anonymous_22)
FN:187,(anonymous_23)
FN:190,(anonymous_24)
FN:195,(anonymous_25)
FN:200,(anonymous_26)
FN:207,(anonymous_27)
FN:212,(anonymous_28)
FN:217,(anonymous_29)
FN:222,(anonymous_30)
FN:227,(anonymous_31)
FN:237,(anonymous_32)
FN:295,(anonymous_33)
FNF:34
FNH:0
FNDA:0,(anonymous_0)
FNDA:0,(anonymous_1)
FNDA:0,getTimestampFilter
FNDA:0,(anonymous_3)
FNDA:0,(anonymous_4)
FNDA:0,(anonymous_5)
FNDA:0,(anonymous_6)
FNDA:0,(anonymous_7)
FNDA:0,(anonymous_8)
FNDA:0,(anonymous_9)
FNDA:0,(anonymous_10)
FNDA:0,(anonymous_11)
FNDA:0,(anonymous_12)
FNDA:0,(anonymous_13)
FNDA:0,(anonymous_14)
FNDA:0,(anonymous_15)
FNDA:0,(anonymous_16)
FNDA:0,(anonymous_17)
FNDA:0,(anonymous_18)
FNDA:0,(anonymous_19)
FNDA:0,(anonymous_20)
FNDA:0,(anonymous_21)
FNDA:0,(anonymous_22)
FNDA:0,(anonymous_23)
FNDA:0,(anonymous_24)
FNDA:0,(anonymous_25)
FNDA:0,(anonymous_26)
FNDA:0,(anonymous_27)
FNDA:0,(anonymous_28)
FNDA:0,(anonymous_29)
FNDA:0,(anonymous_30)
FNDA:0,(anonymous_31)
FNDA:0,(anonymous_32)
FNDA:0,(anonymous_33)
DA:38,1
DA:39,0
DA:40,0
DA:42,0
DA:43,0
DA:44,0
DA:45,0
DA:46,0
DA:47,0
DA:48,0
DA:49,0
DA:50,0
DA:51,0
DA:52,0
DA:53,0
DA:54,0
DA:56,0
DA:58,0
DA:60,0
DA:63,0
DA:65,0
DA:66,0
DA:68,0
DA:69,0
DA:72,0
DA:73,0
DA:74,0
DA:76,0
DA:77,0
DA:78,0
DA:80,0
DA:81,0
DA:83,0
DA:84,0
DA:85,0
DA:88,0
DA:90,0
DA:91,0
DA:92,0
DA:94,0
DA:97,0
DA:98,0
DA:99,0
DA:105,0
DA:106,0
DA:108,0
DA:113,0
DA:114,0
DA:117,0
DA:118,0
DA:119,0
DA:122,0
DA:123,0
DA:124,0
DA:126,0
DA:127,0
DA:128,0
DA:129,0
DA:130,0
DA:135,0
DA:136,0
DA:141,0
DA:142,0
DA:143,0
DA:144,0
DA:147,0
DA:148,0
DA:149,0
DA:151,0
DA:152,0
DA:154,0
DA:155,0
DA:156,0
DA:157,0
DA:160,0
DA:161,0
DA:162,0
DA:163,0
DA:167,0
DA:175,0
DA:176,0
DA:177,0
DA:178,0
DA:179,0
DA:187,0
DA:189,0
DA:190,0
DA:191,0
DA:196,0
DA:201,0
DA:207,0
DA:208,0
DA:209,0
DA:212,0
DA:213,0
DA:214,0
DA:217,0
DA:218,0
DA:219,0
DA:222,0
DA:223,0
DA:224,0
DA:227,0
DA:228,0
DA:229,0
DA:233,0
DA:237,0
DA:238,0
DA:239,0
DA:243,0
DA:296,0
LF:111
LH:1
BRDA:76,0,0,0
BRDA:76,0,1,0
BRDA:76,1,0,0
BRDA:76,1,1,0
BRDA:94,2,0,0
BRDA:94,2,1,0
BRDA:97,3,0,0
BRDA:97,3,1,0
BRDA:129,4,0,0
BRDA:129,4,1,0
BRDA:163,5,0,0
BRDA:163,5,1,0
BRDA:178,6,0,0
BRDA:178,6,1,0
BRDA:192,7,0,0
BRDA:192,7,1,0
BRDA:192,7,2,0
BRDA:192,7,3,0
BRDA:192,7,4,0
BRDA:192,7,5,0
BRDA:192,7,6,0
BRDA:214,8,0,0
BRDA:214,8,1,0
BRDA:219,9,0,0
BRDA:219,9,1,0
BRDA:224,10,0,0
BRDA:224,10,1,0
BRDA:228,11,0,0
BRDA:228,11,1,0
BRDA:282,12,0,0
BRDA:282,12,1,0
BRDA:289,13,0,0
BRDA:289,13,1,0
BRDA:328,14,0,0
BRDA:328,14,1,0
BRDA:329,15,0,0
BRDA:329,15,1,0
BRF:37
BRH:0
end_of_record
TN:
SF:src/components/running-tasks-view.jsx
FN:12,(anonymous_0)
FNF:1
FNH:0
FNDA:0,(anonymous_0)
DA:12,1
DA:13,0
LF:2
LH:1
BRF:0
BRH:0
end_of_record
TN:
SF:src/components/stop-button.jsx
FN:20,isDisabled
FN:31,StopButton
FN:35,(anonymous_2)
FN:39,(anonymous_3)
FN:44,(anonymous_4)
FNF:5
FNH:0
FNDA:0,isDisabled
FNDA:0,StopButton
FNDA:0,(anonymous_2)
FNDA:0,(anonymous_3)
FNDA:0,(anonymous_4)
DA:21,0
DA:24,1
DA:32,0
DA:33,0
DA:35,0
DA:36,0
DA:39,0
DA:40,0
DA:43,0
DA:45,0
DA:46,0
DA:47,0
DA:48,0
DA:53,0
LF:14
LH:1
BRDA:21,0,0,0
BRDA:21,0,1,0
BRDA:60,1,0,0
BRDA:60,1,1,0
BRF:4
BRH:0
end_of_record
TN:
SF:src/components/table-core.jsx
FN:17,TabPanel
FN:33,a11yProps
FN:40,(anonymous_2)
FN:42,(anonymous_3)
FNF:4
FNH:0
FNDA:0,TabPanel
FNDA:0,a11yProps
FNDA:0,(anonymous_2)
FNDA:0,(anonymous_3)
DA:18,0
DA:20,0
DA:34,0
DA:40,1
DA:41,0
DA:42,0
DA:43,0
DA:46,0
LF:8
LH:1
BRDA:28,0,0,0
BRDA:28,0,1,0
BRDA:64,1,0,0
BRDA:64,1,1,0
BRDA:65,2,0,0
BRDA:65,2,1,0
BRDA:66,3,0,0
BRDA:66,3,1,0
BRF:8
BRH:0
end_of_record
TN:
SF:src/components/table-header-business-view.jsx
FN:17,(anonymous_0)
FN:23,(anonymous_1)
FN:30,(anonymous_2)
FN:39,(anonymous_3)
FNF:4
FNH:0
FNDA:0,(anonymous_0)
FNDA:0,(anonymous_1)
FNDA:0,(anonymous_2)
FNDA:0,(anonymous_3)
DA:16,1
DA:17,0
DA:23,0
DA:30,1
DA:35,0
DA:36,0
DA:38,0
DA:40,0
DA:41,0
DA:42,0
DA:43,0
DA:44,0
DA:45,0
DA:50,0
LF:14
LH:2
BRDA:36,0,0,0
BRDA:36,0,1,0
BRF:2
BRH:0
end_of_record
TN:
SF:src/components/table-header-running-tasks-view.jsx
FN:11,(anonymous_0)
FN:17,(anonymous_1)
FN:24,(anonymous_2)
FNF:3
FNH:0
FNDA:0,(anonymous_0)
FNDA:0,(anonymous_1)
FNDA:0,(anonymous_2)
DA:10,1
DA:11,0
DA:17,0
DA:24,1
DA:25,0
DA:27,0
LF:6
LH:2
BRDA:25,0,0,0
BRDA:25,0,1,0
BRF:2
BRH:0
end_of_record
TN:
SF:src/components/table-header.jsx
FN:21,(anonymous_0)
FN:27,(anonymous_1)
FN:34,displayRunButton
FN:40,displayStopButton
FN:50,displayManualExportButton
FN:59,(anonymous_5)
FN:72,(anonymous_6)
FN:73,getManualExportEnabled
FN:86,(anonymous_8)
FN:98,(anonymous_9)
FNF:10
FNH:0
FNDA:0,(anonymous_0)
FNDA:0,(anonymous_1)
FNDA:0,displayRunButton
FNDA:0,displayStopButton
FNDA:0,displayManualExportButton
FNDA:0,(anonymous_5)
FNDA:0,(anonymous_6)
FNDA:0,getManualExportEnabled
FNDA:0,(anonymous_8)
FNDA:0,(anonymous_9)
DA:20,1
DA:21,0
DA:27,0
DA:35,0
DA:41,0
DA:51,0
DA:59,1
DA:65,0
DA:66,0
DA:67,0
DA:68,0
DA:69,0
DA:70,0
DA:72,0
DA:74,0
DA:75,0
DA:76,0
DA:77,0
DA:79,0
DA:82,0
DA:85,0
DA:87,0
DA:88,0
DA:89,0
DA:90,0
DA:91,0
DA:92,0
DA:97,0
DA:99,0
DA:100,0
DA:101,0
DA:102,0
DA:103,0
DA:108,0
LF:34
LH:2
BRDA:35,0,0,0
BRDA:35,0,1,0
BRDA:41,1,0,0
BRDA:41,1,1,0
BRDA:51,2,0,0
BRDA:51,2,1,0
BRDA:51,3,0,0
BRDA:51,3,1,0
BRDA:65,4,0,0
BRDA:65,4,1,0
BRDA:68,5,0,0
BRDA:68,5,1,0
BRDA:69,6,0,0
BRDA:69,6,1,0
BRDA:77,7,0,0
BRDA:77,7,1,0
BRF:16
BRH:0
end_of_record
TN:
SF:src/components/task-status-chip.jsx
FN:13,TaskStatusChip
FN:14,(anonymous_1)
FNF:2
FNH:0
FNDA:0,TaskStatusChip
FNDA:0,(anonymous_1)
DA:14,0
DA:16,0
LF:2
LH:0
BRF:0
BRH:0
end_of_record
TN:
SF:src/components/task-status-style.js
FN:81,getTaskStatusStyle
FNF:1
FNH:0
FNDA:0,getTaskStatusStyle
DA:11,1
DA:46,1
DA:83,0
DA:84,0
DA:85,0
DA:87,0
LF:6
LH:2
BRDA:83,0,0,0
BRDA:83,0,1,0
BRDA:84,1,0,0
BRDA:84,1,1,0
BRDA:84,2,0,0
BRDA:84,2,1,0
BRF:6
BRH:0
end_of_record
TN:
SF:src/components/upload-button.jsx
FN:12,sendFileToback
FN:21,downloadFile
FN:24,(anonymous_2)
FN:31,(anonymous_3)
FN:37,(anonymous_4)
FNF:5
FNH:1
FNDA:0,sendFileToback
FNDA:0,downloadFile
FNDA:0,(anonymous_2)
FNDA:1,(anonymous_3)
FNDA:0,(anonymous_4)
DA:13,0
DA:14,0
DA:15,0
DA:16,0
DA:17,0
DA:18,0
DA:22,0
DA:23,0
DA:24,0
DA:25,0
DA:27,0
DA:28,0
DA:31,3
DA:32,1
DA:37,0
LF:15
LH:2
BRF:0
BRH:0
end_of_record
TN:
SF:src/components/buttons/download-button.jsx
FN:20,isDisabled
FN:24,downloadFile
FN:38,(anonymous_2)
FN:44,(anonymous_3)
FNF:4
FNH:0
FNDA:0,isDisabled
FNDA:0,downloadFile
FNDA:0,(anonymous_2)
FNDA:0,(anonymous_3)
DA:21,0
DA:25,0
DA:31,0
DA:32,0
DA:33,0
DA:34,0
DA:35,0
DA:38,1
DA:39,0
DA:40,0
DA:42,0
DA:44,0
DA:45,0
DA:46,0
DA:47,0
DA:50,0
DA:65,1
LF:17
LH:2
BRDA:50,0,0,0
BRDA:50,0,1,0
BRDA:50,1,0,0
BRDA:50,1,1,0
BRF:4
BRH:0
end_of_record
TN:
SF:src/components/buttons/parameters-button.jsx
FN:21,ParametersButton
FN:28,(anonymous_1)
FN:34,(anonymous_2)
FN:38,(anonymous_3)
FN:44,(anonymous_4)
FNF:5
FNH:0
FNDA:0,ParametersButton
FNDA:0,(anonymous_1)
FNDA:0,(anonymous_2)
FNDA:0,(anonymous_3)
FNDA:0,(anonymous_4)
DA:22,0
DA:23,0
DA:25,0
DA:26,0
DA:28,0
DA:29,0
DA:30,0
DA:31,0
DA:34,0
DA:35,0
DA:38,0
DA:39,0
DA:40,0
DA:45,0
DA:46,0
DA:50,0
LF:16
LH:0
BRF:0
BRH:0
end_of_record
TN:
SF:src/components/dialogs/event-dialog.jsx
FN:33,EventDialog
FNF:1
FNH:0
FNDA:0,EventDialog
DA:22,1
DA:34,0
DA:54,1
LF:3
LH:2
BRDA:44,0,0,0
BRDA:44,0,1,0
BRF:2
BRH:0
end_of_record
TN:
SF:src/components/dialogs/file-dialog.jsx
FN:24,FileDialog
FNF:1
FNH:0
FNDA:0,FileDialog
DA:16,1
DA:25,0
DA:45,1
LF:3
LH:2
BRF:0
BRH:0
end_of_record
TN:
SF:src/components/dialogs/parameters-confirm-closing-dialog.jsx
FN:20,ParametersConfirmClosingDialog
FN:21,(anonymous_1)
FN:27,(anonymous_2)
FNF:3
FNH:1
FNDA:2,ParametersConfirmClosingDialog
FNDA:0,(anonymous_1)
FNDA:0,(anonymous_2)
DA:21,2
DA:22,0
DA:23,0
DA:26,2
DA:47,2
LF:5
LH:3
BRF:0
BRH:0
end_of_record
TN:
SF:src/components/dialogs/parameters-dialog-content.jsx
FN:18,getParametersBySection
FN:20,(anonymous_1)
FN:21,(anonymous_2)
FN:40,ParametersDialogContent
FN:45,(anonymous_4)
FN:46,(anonymous_5)
FN:47,(anonymous_6)
FN:52,(anonymous_7)
FN:79,ParametersSection
FN:85,(anonymous_9)
FN:94,(anonymous_10)
FN:129,ParameterElement
FN:151,(anonymous_12)
FN:172,(anonymous_13)
FN:189,(anonymous_14)
FN:212,BooleanParameter
FN:233,IntParameter
FN:254,DefaultParameter
FNF:18
FNH:0
FNDA:0,getParametersBySection
FNDA:0,(anonymous_1)
FNDA:0,(anonymous_2)
FNDA:0,ParametersDialogContent
FNDA:0,(anonymous_4)
FNDA:0,(anonymous_5)
FNDA:0,(anonymous_6)
FNDA:0,(anonymous_7)
FNDA:0,ParametersSection
FNDA:0,(anonymous_9)
FNDA:0,(anonymous_10)
FNDA:0,ParameterElement
FNDA:0,(anonymous_12)
FNDA:0,(anonymous_13)
FNDA:0,(anonymous_14)
FNDA:0,BooleanParameter
FNDA:0,IntParameter
FNDA:0,DefaultParameter
DA:15,2
DA:16,2
DA:19,0
DA:20,0
DA:21,0
DA:22,0
DA:23,0
DA:25,0
DA:28,0
DA:31,0
DA:32,0
DA:34,0
DA:37,0
DA:45,0
DA:46,0
DA:47,0
DA:48,0
DA:52,0
DA:53,0
DA:62,2
DA:70,2
DA:85,0
DA:87,0
DA:95,0
DA:112,2
DA:119,2
DA:123,2
DA:139,0
DA:141,0
DA:142,0
DA:144,0
DA:146,0
DA:152,0
DA:156,0
DA:167,0
DA:173,0
DA:174,0
DA:184,0
DA:190,0
DA:191,0
DA:202,2
DA:213,0
DA:214,0
DA:222,2
DA:228,2
DA:234,0
DA:248,2
DA:255,0
DA:271,2
LF:49
LH:12
BRDA:22,0,0,0
BRDA:22,0,1,0
BRDA:25,1,0,0
BRDA:25,1,1,0
BRDA:31,2,0,0
BRDA:31,2,1,0
BRDA:141,3,0,0
BRDA:141,3,1,0
BRDA:144,4,0,0
BRDA:144,4,1,0
BRDA:144,4,2,0
BRDA:144,4,3,0
BRDA:161,5,0,0
BRDA:161,5,1,0
BRDA:177,6,0,0
BRDA:177,6,1,0
BRDA:194,7,0,0
BRDA:194,7,1,0
BRF:18
BRH:0
end_of_record
TN:
SF:src/components/dialogs/parameters-dialog.jsx
FN:36,(anonymous_0)
FN:39,(anonymous_1)
FN:42,(anonymous_2)
FN:45,(anonymous_3)
FN:50,useParameterState
FN:55,(anonymous_5)
FN:59,(anonymous_6)
FN:64,(anonymous_7)
FN:66,(anonymous_8)
FN:90,(anonymous_9)
FN:93,TabPanel
FN:110,GUITab
FN:129,(anonymous_12)
FNF:13
FNH:4
FNDA:0,(anonymous_0)
FNDA:0,(anonymous_1)
FNDA:0,(anonymous_2)
FNDA:0,(anonymous_3)
FNDA:6,useParameterState
FNDA:10,(anonymous_5)
FNDA:2,(anonymous_6)
FNDA:0,(anonymous_7)
FNDA:0,(anonymous_8)
FNDA:3,(anonymous_9)
FNDA:0,TabPanel
FNDA:0,GUITab
FNDA:0,(anonymous_12)
DA:35,1
DA:36,0
DA:39,0
DA:42,0
DA:45,0
DA:51,6
DA:53,6
DA:55,10
DA:57,6
DA:59,6
DA:60,2
DA:63,6
DA:65,0
DA:66,0
DA:67,0
DA:68,0
DA:87,6
DA:90,1
DA:91,3
DA:94,0
DA:96,0
DA:111,0
DA:114,3
DA:129,0
DA:157,1
LF:25
LH:13
BRDA:105,0,0,0
BRDA:105,0,1,0
BRF:2
BRH:0
end_of_record
TN:
SF:src/components/dialogs/process-parameters-dialog.jsx
FN:35,ProcessParametersDialog
FN:39,checkBeforeClose
FN:43,handleButtonAction
FN:45,(anonymous_3)
FN:46,(anonymous_4)
FN:49,handleConfirmClosing
FN:54,handleInnerDialogClosing
FNF:7
FNH:0
FNDA:0,ProcessParametersDialog
FNDA:0,checkBeforeClose
FNDA:0,handleButtonAction
FNDA:0,(anonymous_3)
FNDA:0,(anonymous_4)
FNDA:0,handleConfirmClosing
FNDA:0,handleInnerDialogClosing
DA:27,1
DA:36,0
DA:37,0
DA:40,0
DA:44,0
DA:45,0
DA:46,0
DA:50,0
DA:51,0
DA:55,0
DA:58,0
DA:100,1
LF:12
LH:2
BRDA:40,0,0,0
BRDA:40,0,1,0
BRF:2
BRH:0
end_of_record
TN:
SF:src/components/dialogs/select-file-dialog.jsx
FN:18,SelectFileDialog
FNF:1
FNH:0
FNDA:0,SelectFileDialog
DA:19,0
DA:49,1
LF:2
LH:1
BRF:0
BRH:0
end_of_record
TN:
SF:src/components/dialogs/timestamp-parameters-dialog.jsx
FN:41,TimestampParametersDialog
FN:54,checkBeforeClose
FN:58,handleButtonAction
FN:61,(anonymous_3)
FN:65,(anonymous_4)
FN:78,handleConfirmClosing
FN:83,handleInnerDialogClosing
FNF:7
FNH:1
FNDA:2,TimestampParametersDialog
FNDA:0,checkBeforeClose
FNDA:0,handleButtonAction
FNDA:0,(anonymous_3)
FNDA:0,(anonymous_4)
FNDA:0,handleConfirmClosing
FNDA:0,handleInnerDialogClosing
DA:33,2
DA:47,2
DA:48,2
DA:49,2
DA:50,2
DA:52,2
DA:55,0
DA:59,0
DA:60,0
DA:62,0
DA:63,0
DA:66,0
DA:74,0
DA:79,0
DA:80,0
DA:84,0
DA:87,2
DA:137,2
LF:18
LH:8
BRDA:55,0,0,0
BRDA:55,0,1,0
BRDA:115,1,0,2
BRDA:115,1,1,2
BRDA:118,2,0,2
BRDA:118,2,1,0
BRF:6
BRH:3
end_of_record
TN:
SF:src/components/tabs/custom-tab-panel.jsx
FN:12,CustomTabPanel
FNF:1
FNH:0
FNDA:0,CustomTabPanel
DA:13,0
DA:15,0
DA:28,1
LF:3
LH:1
BRDA:23,0,0,0
BRDA:23,0,1,0
BRF:2
BRH:0
end_of_record
TN:
SF:src/components/tabs/view-tabs.jsx
FN:14,a11yProps
FN:21,ViewTabs
FN:22,(anonymous_2)
FNF:3
FNH:0
FNDA:0,a11yProps
FNDA:0,ViewTabs
FNDA:0,(anonymous_2)
DA:15,0
DA:22,0
DA:23,0
DA:26,0
DA:44,1
LF:5
LH:1
BRF:0
BRH:0
end_of_record
TN:
SF:src/redux/actions.js
FN:12,selectTheme
FN:18,selectLanguage
FN:24,selectComputedLanguage
FNF:3
FNH:2
FNDA:0,selectTheme
FNDA:1,selectLanguage
FNDA:1,selectComputedLanguage
DA:10,7
DA:13,0
DA:16,7
DA:19,1
DA:22,7
DA:25,1
LF:6
LH:5
BRF:0
BRH:0
end_of_record
TN:
SF:src/redux/local-storage.js
FN:15,(anonymous_0)
FN:19,(anonymous_1)
FN:23,(anonymous_2)
FN:27,(anonymous_3)
FN:31,(anonymous_4)
FNF:5
FNH:3
FNDA:6,(anonymous_0)
FNDA:0,(anonymous_1)
FNDA:12,(anonymous_2)
FNDA:0,(anonymous_3)
FNDA:6,(anonymous_4)
DA:12,6
DA:13,6
DA:15,6
DA:16,6
DA:19,6
DA:20,0
DA:23,6
DA:24,12
DA:27,6
DA:28,0
DA:31,6
DA:32,6
LF:12
LH:10
BRDA:16,0,0,6
BRDA:16,0,1,6
BRDA:24,1,0,12
BRDA:24,1,1,12
BRF:4
BRH:4
end_of_record
TN:
SF:src/redux/reducer.js
FN:50,(anonymous_0)
FN:51,(anonymous_1)
FN:56,(anonymous_2)
FN:61,(anonymous_3)
FN:65,(anonymous_4)
FN:69,(anonymous_5)
FN:73,(anonymous_6)
FN:77,(anonymous_7)
FN:81,(anonymous_8)
FN:85,(anonymous_9)
FN:90,(anonymous_10)
FNF:11
FNH:2
FNDA:6,(anonymous_0)
FNDA:0,(anonymous_1)
FNDA:0,(anonymous_2)
FNDA:0,(anonymous_3)
FNDA:0,(anonymous_4)
FNDA:0,(anonymous_5)
FNDA:0,(anonymous_6)
FNDA:0,(anonymous_7)
FNDA:0,(anonymous_8)
FNDA:1,(anonymous_9)
FNDA:0,(anonymous_10)
DA:36,6
DA:41,6
DA:50,6
DA:51,6
DA:52,0
DA:53,0
DA:56,6
DA:57,0
DA:58,0
DA:61,6
DA:62,0
DA:65,6
DA:66,0
DA:69,6
DA:70,0
DA:73,6
DA:74,0
DA:77,6
DA:78,0
DA:81,6
DA:82,0
DA:85,6
DA:86,1
DA:90,6
DA:91,0
LF:25
LH:14
BRF:0
BRH:0
end_of_record
TN:
SF:src/redux/store.js
FNF:0
FNH:0
DA:11,6
LF:1
LH:1
BRF:0
BRH:0
end_of_record
TN:
SF:src/utils/commons.js
FN:11,(anonymous_0)
FN:13,getBackgroundColor
FN:32,gridcapaFormatDate
FN:39,setTimestampWithDaysIncrement
FN:45,latestRunFromTaskRunHistory
FN:48,(anonymous_5)
FNF:6
FNH:0
FNDA:0,(anonymous_0)
FNDA:0,getBackgroundColor
FNDA:0,gridcapaFormatDate
FNDA:0,setTimestampWithDaysIncrement
FNDA:0,latestRunFromTaskRunHistory
FNDA:0,(anonymous_5)
DA:11,2
DA:14,0
DA:16,0
DA:18,0
DA:20,0
DA:22,0
DA:24,0
DA:26,0
DA:30,2
DA:33,0
DA:34,0
DA:36,0
DA:40,0
DA:41,0
DA:42,0
DA:46,0
DA:47,0
DA:48,0
DA:49,0
DA:50,0
DA:51,0
DA:52,0
DA:54,0
DA:55,0
DA:57,0
DA:60,0
DA:62,0
LF:27
LH:2
BRDA:14,0,0,0
BRDA:14,0,1,0
BRDA:14,0,2,0
BRDA:14,0,3,0
BRDA:14,0,4,0
BRDA:14,0,5,0
BRDA:33,1,0,0
BRDA:33,1,1,0
BRDA:46,2,0,0
BRDA:46,2,1,0
BRDA:46,3,0,0
BRDA:46,3,1,0
BRDA:46,3,2,0
BRDA:47,4,0,0
BRDA:47,4,1,0
BRDA:51,5,0,0
BRDA:51,5,1,0
BRDA:54,6,0,0
BRDA:54,6,1,0
BRF:19
BRH:0
end_of_record
TN:
SF:src/utils/config-params.js
FN:16,getAppName
FNF:1
FNH:1
FNDA:2,getAppName
DA:8,8
DA:9,8
DA:11,8
DA:12,8
DA:14,8
DA:17,2
LF:6
LH:6
BRDA:17,0,0,1
BRDA:17,0,1,1
BRF:2
BRH:2
end_of_record
TN:
SF:src/utils/date-time-utils.js
FN:22,getTimeFromTimeParam
FN:27,getInitialTimestampToSet
FN:50,twoDigits
FN:57,convertMonthFromJsToIso
FN:64,convertMonthFromIsoToJs
FN:71,getDateString
FN:78,getTimeString
FNF:7
FNH:4
FNDA:0,getTimeFromTimeParam
FNDA:0,getInitialTimestampToSet
FNDA:6,twoDigits
FNDA:2,convertMonthFromJsToIso
FNDA:0,convertMonthFromIsoToJs
FNDA:2,getDateString
FNDA:1,getTimeString
DA:11,2
DA:12,2
DA:14,2
DA:23,0
DA:24,0
DA:28,0
DA:29,0
DA:30,0
DA:31,0
DA:32,0
DA:33,0
DA:35,0
DA:40,0
DA:41,0
DA:46,0
DA:47,0
DA:54,6
DA:61,2
DA:68,0
DA:72,2
DA:73,2
DA:74,2
DA:75,2
DA:79,1
DA:80,1
DA:81,1
LF:26
LH:12
BRDA:24,0,0,0
BRDA:24,0,1,0
BRDA:28,1,0,0
BRDA:28,1,1,0
BRDA:30,2,0,0
BRDA:30,2,1,0
BRDA:32,3,0,0
BRDA:32,3,1,0
BRDA:46,4,0,0
BRDA:46,4,1,0
BRF:10
BRH:0
end_of_record
TN:
SF:src/utils/language.js
FN:12,(anonymous_0)
FN:19,(anonymous_1)
FNF:2
FNH:2
FNDA:6,(anonymous_0)
FNDA:6,(anonymous_1)
DA:10,6
DA:12,6
DA:13,6
DA:14,6
DA:19,6
DA:20,6
LF:6
LH:6
BRDA:14,0,0,6
BRDA:14,0,1,0
BRDA:20,1,0,6
BRDA:20,1,1,0
BRF:4
BRH:2
end_of_record
TN:
SF:src/utils/messages.js
FN:15,useIntlRef
FN:19,(anonymous_1)
FN:26,displayErrorMessageWithSnackbar
FNF:3
FNH:2
FNDA:11,useIntlRef
FNDA:5,(anonymous_1)
FNDA:0,displayErrorMessageWithSnackbar
DA:16,11
DA:17,11
DA:19,11
DA:20,5
DA:23,11
DA:32,0
DA:33,0
DA:39,0
DA:41,0
DA:43,0
LF:10
LH:5
BRDA:29,0,0,0
BRDA:32,1,0,0
BRDA:32,1,1,0
BRF:3
BRH:0
end_of_record
TN:
SF:src/utils/rest-api.js
FN:18,getToken
FN:23,removeTrailingSlash
FN:27,backendFetch
FN:40,fetchFileToBackend
FN:50,fetchIdpSettings
FN:52,(anonymous_5)
FN:55,fetchAppsAndUrls
FN:58,(anonymous_7)
FN:59,(anonymous_8)
FN:63,(anonymous_9)
FN:69,fetchVersionAndEnvironnement
FN:72,(anonymous_11)
FN:73,(anonymous_12)
FN:78,fetchMinioStorageData
FN:81,(anonymous_14)
FN:82,(anonymous_15)
FN:85,(anonymous_16)
FN:91,fetchTimestampData
FN:96,(anonymous_18)
FN:99,(anonymous_19)
FN:101,(anonymous_20)
FN:113,fetchFileFromProcess
FN:124,(anonymous_22)
FN:127,(anonymous_23)
FN:129,(anonymous_24)
FN:141,fetchBusinessDateData
FN:150,(anonymous_26)
FN:153,(anonymous_27)
FN:155,(anonymous_28)
FN:167,fetchRunningTasksData
FN:172,(anonymous_30)
FN:175,(anonymous_31)
FN:177,(anonymous_32)
FN:180,(anonymous_33)
FN:192,fetchConfigParameters
FN:198,(anonymous_35)
FN:201,(anonymous_36)
FN:205,fetchConfigParameter
FN:216,(anonymous_38)
FN:219,(anonymous_39)
FN:223,updateConfigParameter
FN:236,(anonymous_41)
FN:239,(anonymous_42)
FN:243,fetchJobLauncherPost
FN:256,fetchJobLauncherToInterruptTask
FN:273,fetchTaskManagerSelectFile
FN:292,fetchTaskManagerManualExport
FN:304,fetchProcessParameters
FN:313,(anonymous_48)
FN:318,updateProcessParameters
FN:330,(anonymous_50)
FN:333,(anonymous_51)
FN:335,(anonymous_52)
FN:350,getBaseUrl
FNF:54
FNH:4
FNDA:0,getToken
FNDA:1,removeTrailingSlash
FNDA:0,backendFetch
FNDA:0,fetchFileToBackend
FNDA:0,fetchIdpSettings
FNDA:0,(anonymous_5)
FNDA:0,fetchAppsAndUrls
FNDA:0,(anonymous_7)
FNDA:0,(anonymous_8)
FNDA:0,(anonymous_9)
FNDA:1,fetchVersionAndEnvironnement
FNDA:1,(anonymous_11)
FNDA:1,(anonymous_12)
FNDA:0,fetchMinioStorageData
FNDA:0,(anonymous_14)
FNDA:0,(anonymous_15)
FNDA:0,(anonymous_16)
FNDA:0,fetchTimestampData
FNDA:0,(anonymous_18)
FNDA:0,(anonymous_19)
FNDA:0,(anonymous_20)
FNDA:0,fetchFileFromProcess
FNDA:0,(anonymous_22)
FNDA:0,(anonymous_23)
FNDA:0,(anonymous_24)
FNDA:0,fetchBusinessDateData
FNDA:0,(anonymous_26)
FNDA:0,(anonymous_27)
FNDA:0,(anonymous_28)
FNDA:0,fetchRunningTasksData
FNDA:0,(anonymous_30)
FNDA:0,(anonymous_31)
FNDA:0,(anonymous_32)
FNDA:0,(anonymous_33)
FNDA:0,fetchConfigParameters
FNDA:0,(anonymous_35)
FNDA:0,(anonymous_36)
FNDA:0,fetchConfigParameter
FNDA:0,(anonymous_38)
FNDA:0,(anonymous_39)
FNDA:0,updateConfigParameter
FNDA:0,(anonymous_41)
FNDA:0,(anonymous_42)
FNDA:0,fetchJobLauncherPost
FNDA:0,fetchJobLauncherToInterruptTask
FNDA:0,fetchTaskManagerSelectFile
FNDA:0,fetchTaskManagerManualExport
FNDA:0,fetchProcessParameters
FNDA:0,(anonymous_48)
FNDA:0,updateProcessParameters
FNDA:0,(anonymous_50)
FNDA:0,(anonymous_51)
FNDA:0,(anonymous_52)
FNDA:0,getBaseUrl
DA:12,3
DA:13,3
DA:14,3
DA:15,3
DA:16,3
DA:19,0
DA:20,0
DA:24,1
DA:28,0
DA:29,0
DA:33,0
DA:34,0
DA:35,0
DA:37,0
DA:41,0
DA:51,0
DA:52,0
DA:56,0
DA:57,0
DA:58,0
DA:60,0
DA:64,0
DA:70,1
DA:71,1
DA:72,1
DA:74,1
DA:79,0
DA:80,0
DA:81,0
DA:83,0
DA:86,0
DA:92,0
DA:93,0
DA:94,0
DA:95,0
DA:97,0
DA:99,0
DA:102,0
DA:119,0
DA:121,0
DA:122,0
DA:123,0
DA:125,0
DA:127,0
DA:130,0
DA:142,0
DA:144,0
DA:148,0
DA:149,0
DA:151,0
DA:153,0
DA:156,0
DA:168,0
DA:169,0
DA:170,0
DA:171,0
DA:173,0
DA:175,0
DA:178,0
DA:181,0
DA:193,0
DA:195,0
DA:198,0
DA:199,0
DA:201,0
DA:206,0
DA:207,0
DA:213,0
DA:216,0
DA:217,0
DA:219,0
DA:224,0
DA:225,0
DA:232,0
DA:236,0
DA:237,0
DA:239,0
DA:244,0
DA:245,0
DA:250,0
DA:257,0
DA:258,0
DA:263,0
DA:274,0
DA:275,0
DA:279,0
DA:293,0
DA:294,0
DA:298,0
DA:305,0
DA:306,0
DA:310,0
DA:313,0
DA:315,0
DA:319,0
DA:320,0
DA:326,0
DA:331,0
DA:333,0
DA:336,0
DA:344,0
DA:347,0
DA:351,0
DA:352,0
DA:353,0
DA:355,0
LF:106
LH:10
BRDA:28,0,0,0
BRDA:28,0,1,0
BRDA:28,1,0,0
BRDA:28,1,1,0
BRDA:34,2,0,0
BRDA:34,2,1,0
BRDA:97,3,0,0
BRDA:97,3,1,0
BRDA:125,4,0,0
BRDA:125,4,1,0
BRDA:151,5,0,0
BRDA:151,5,1,0
BRDA:173,6,0,0
BRDA:173,6,1,0
BRDA:199,7,0,0
BRDA:199,7,1,0
BRDA:217,8,0,0
BRDA:217,8,1,0
BRDA:237,9,0,0
BRDA:237,9,1,0
BRDA:331,10,0,0
BRDA:331,10,1,0
BRDA:352,11,0,0
BRDA:352,11,1,0
BRF:24
BRH:0
end_of_record
TN:
SF:src/utils/test-utils.js
FN:15,renderWithProviders
FN:16,(anonymous_1)
FN:38,setupTestContainer
FN:44,cleanUpOnExit
FN:49,(anonymous_4)
FNF:5
FNH:5
FNDA:7,renderWithProviders
FNDA:7,(anonymous_1)
FNDA:7,setupTestContainer
FNDA:7,cleanUpOnExit
FNDA:7,(anonymous_4)
DA:16,7
DA:17,7
DA:39,7
DA:40,7
DA:41,7
DA:45,7
DA:46,7
DA:48,7
DA:49,7
DA:50,7
DA:52,7
LF:11
LH:11
BRDA:48,0,0,7
BRDA:48,0,1,0
BRF:2
BRH:1
end_of_record
TN:
SF:src/utils/view-utils.js
FN:21,getInitialViewToSet
FN:31,getUrlWithTimestampAndView
FNF:2
FNH:2
FNDA:3,getInitialViewToSet
FNDA:4,getUrlWithTimestampAndView
DA:15,2
DA:22,3
DA:23,2
DA:24,1
DA:26,1
DA:28,1
DA:32,4
DA:37,1
DA:38,1
DA:39,1
DA:40,1
DA:42,1
DA:43,1
DA:44,1
DA:46,1
DA:48,1
LF:16
LH:16
BRDA:22,0,0,2
BRDA:22,0,1,1
BRDA:23,1,0,1
BRDA:23,1,1,1
BRDA:32,2,0,1
BRDA:32,2,1,1
BRDA:32,2,2,1
BRDA:32,2,3,1
BRF:8
BRH:8
end_of_record
TN:
SF:src/utils/websocket-api.js
FN:17,getToken
FN:22,getWebSocketBaseUrl
FN:28,connectUiConfigNotificationWebsocket
FN:48,(anonymous_3)
FN:57,connectTaskNotificationWebSocket
FN:58,(anonymous_5)
FN:70,(anonymous_6)
FN:75,(anonymous_7)
FN:79,(anonymous_8)
FN:87,(anonymous_9)
FN:102,disconnectTaskNotificationWebSocket
FNF:11
FNH:0
FNDA:0,getToken
FNDA:0,getWebSocketBaseUrl
FNDA:0,connectUiConfigNotificationWebsocket
FNDA:0,(anonymous_3)
FNDA:0,connectTaskNotificationWebSocket
FNDA:0,(anonymous_5)
FNDA:0,(anonymous_6)
FNDA:0,(anonymous_7)
FNDA:0,(anonymous_8)
FNDA:0,(anonymous_9)
FNDA:0,disconnectTaskNotificationWebSocket
DA:14,1
DA:15,1
DA:18,0
DA:19,0
DA:23,0
DA:29,0
DA:36,0
DA:41,0
DA:43,0
DA:48,0
DA:49,0
DA:54,0
DA:58,0
DA:59,0
DA:60,0
DA:64,0
DA:65,0
DA:67,0
DA:71,0
DA:75,0
DA:76,0
DA:80,0
DA:88,0
DA:97,0
DA:99,0
DA:103,0
LF:26
LH:2
BRDA:59,0,0,0
BRDA:59,0,1,0
BRF:2
BRH:0
end_of_record
